2022-12-09 19:26:27.495 [main] INFO  edu.whu.learneur.LearneurApplication - Starting LearneurApplication using Java 1.8.0_271 on LAPTOP-MTFLNKU4 with PID 39744 (F:\java_code\Learneur\Learneur\target\classes started by Lenovo in F:\java_code\Learneur\Learneur)
2022-12-09 19:26:27.498 [main] INFO  edu.whu.learneur.LearneurApplication - No active profile set, falling back to 1 default profile: "default"
2022-12-09 19:26:28.758 [main] INFO  o.s.d.r.config.RepositoryConfigurationDelegate - Multiple Spring Data modules found, entering strict repository configuration mode
2022-12-09 19:26:28.762 [main] INFO  o.s.d.r.config.RepositoryConfigurationDelegate - Bootstrapping Spring Data Neo4j repositories in DEFAULT mode.
2022-12-09 19:26:28.840 [main] INFO  o.s.d.r.config.RepositoryConfigurationDelegate - Finished Spring Data repository scanning in 67 ms. Found 0 Neo4j repository interfaces.
2022-12-09 19:26:28.844 [main] INFO  o.s.d.r.config.RepositoryConfigurationDelegate - Multiple Spring Data modules found, entering strict repository configuration mode
2022-12-09 19:26:28.845 [main] INFO  o.s.d.r.config.RepositoryConfigurationDelegate - Bootstrapping Spring Data Neo4j repositories in DEFAULT mode.
2022-12-09 19:26:28.877 [main] INFO  o.s.d.r.config.RepositoryConfigurationDelegate - Finished Spring Data repository scanning in 31 ms. Found 1 Neo4j repository interfaces.
2022-12-09 19:26:28.895 [main] INFO  o.s.d.r.config.RepositoryConfigurationDelegate - Multiple Spring Data modules found, entering strict repository configuration mode
2022-12-09 19:26:28.896 [main] INFO  o.s.d.r.config.RepositoryConfigurationDelegate - Bootstrapping Spring Data Redis repositories in DEFAULT mode.
2022-12-09 19:26:28.916 [main] INFO  o.s.d.r.c.RepositoryConfigurationExtensionSupport - Spring Data Redis - Could not safely identify store assignment for repository candidate interface edu.whu.learneur.neo4j.dao.KnowledgeRepository; If you want this repository to be a Redis repository, consider annotating your entities with one of these annotations: org.springframework.data.redis.core.RedisHash (preferred), or consider extending one of the following types with your repository: org.springframework.data.keyvalue.repository.KeyValueRepository
2022-12-09 19:26:28.916 [main] INFO  o.s.d.r.config.RepositoryConfigurationDelegate - Finished Spring Data repository scanning in 9 ms. Found 0 Redis repository interfaces.
2022-12-09 19:26:29.955 [main] INFO  o.s.boot.web.embedded.tomcat.TomcatWebServer - Tomcat initialized with port(s): 8080 (http)
2022-12-09 19:26:29.964 [main] INFO  org.apache.coyote.http11.Http11NioProtocol - Initializing ProtocolHandler ["http-nio-8080"]
2022-12-09 19:26:29.964 [main] INFO  org.apache.catalina.core.StandardService - Starting service [Tomcat]
2022-12-09 19:26:29.965 [main] INFO  org.apache.catalina.core.StandardEngine - Starting Servlet engine: [Apache Tomcat/9.0.65]
2022-12-09 19:26:30.187 [main] INFO  o.a.c.core.ContainerBase.[Tomcat].[localhost].[/] - Initializing Spring embedded WebApplicationContext
2022-12-09 19:26:30.187 [main] INFO  o.s.b.w.s.c.ServletWebServerApplicationContext - Root WebApplicationContext: initialization completed in 2644 ms
2022-12-09 19:26:32.344 [main] INFO  org.neo4j.driver.internal.DriverFactory - Direct driver instance 1009111009 created for server address wslhost:7687
2022-12-09 19:26:32.996 [main] INFO  o.s.b.f.a.AutowiredAnnotationBeanPostProcessor - Autowired annotation is not supported on static fields: private static org.springframework.core.env.Environment edu.whu.learneur.utils.CodeUtils.env
2022-12-09 19:26:33.145 [main] INFO  o.s.security.web.DefaultSecurityFilterChain - Will secure any request with [org.springframework.security.web.session.DisableEncodeUrlFilter@440ef8d, org.springframework.security.web.session.ForceEagerSessionCreationFilter@17fbfb02, org.springframework.security.web.session.ForceEagerSessionCreationFilter@7cfb8e98, org.springframework.security.web.context.request.async.WebAsyncManagerIntegrationFilter@8f2e3e6, org.springframework.security.web.context.SecurityContextPersistenceFilter@3e6748ae, org.springframework.security.web.header.HeaderWriterFilter@2f15a964, org.springframework.security.web.authentication.logout.LogoutFilter@6bce4140, org.springframework.security.web.savedrequest.RequestCacheAwareFilter@6ed18d80, org.springframework.security.web.servletapi.SecurityContextHolderAwareRequestFilter@4c176ff1, org.springframework.security.web.authentication.AnonymousAuthenticationFilter@6f315b08, org.springframework.security.web.session.SessionManagementFilter@418f0534, org.springframework.security.web.access.ExceptionTranslationFilter@1282e98, org.springframework.security.web.access.intercept.FilterSecurityInterceptor@dada335]
2022-12-09 19:26:33.928 [main] INFO  org.apache.coyote.http11.Http11NioProtocol - Starting ProtocolHandler ["http-nio-8080"]
2022-12-09 19:26:33.948 [main] INFO  o.s.boot.web.embedded.tomcat.TomcatWebServer - Tomcat started on port(s): 8080 (http) with context path ''
2022-12-09 19:26:33.960 [main] INFO  edu.whu.learneur.LearneurApplication - Started LearneurApplication in 7.026 seconds (JVM running for 8.524)
2022-12-09 19:29:46.511 [SpringApplicationShutdownHook] INFO  org.neo4j.driver.internal.InternalDriver - Closing driver instance 1009111009
2022-12-09 19:30:55.019 [main] INFO  edu.whu.learneur.LearneurApplication - Starting LearneurApplication using Java 1.8.0_271 on LAPTOP-MTFLNKU4 with PID 33340 (F:\java_code\Learneur\Learneur\target\classes started by Lenovo in F:\java_code\Learneur\Learneur)
2022-12-09 19:30:55.022 [main] INFO  edu.whu.learneur.LearneurApplication - No active profile set, falling back to 1 default profile: "default"
2022-12-09 19:30:56.262 [main] INFO  o.s.d.r.config.RepositoryConfigurationDelegate - Multiple Spring Data modules found, entering strict repository configuration mode
2022-12-09 19:30:56.264 [main] INFO  o.s.d.r.config.RepositoryConfigurationDelegate - Bootstrapping Spring Data Neo4j repositories in DEFAULT mode.
2022-12-09 19:30:56.324 [main] INFO  o.s.d.r.config.RepositoryConfigurationDelegate - Finished Spring Data repository scanning in 54 ms. Found 0 Neo4j repository interfaces.
2022-12-09 19:30:56.331 [main] INFO  o.s.d.r.config.RepositoryConfigurationDelegate - Multiple Spring Data modules found, entering strict repository configuration mode
2022-12-09 19:30:56.332 [main] INFO  o.s.d.r.config.RepositoryConfigurationDelegate - Bootstrapping Spring Data Neo4j repositories in DEFAULT mode.
2022-12-09 19:30:56.368 [main] INFO  o.s.d.r.config.RepositoryConfigurationDelegate - Finished Spring Data repository scanning in 36 ms. Found 1 Neo4j repository interfaces.
2022-12-09 19:30:56.390 [main] INFO  o.s.d.r.config.RepositoryConfigurationDelegate - Multiple Spring Data modules found, entering strict repository configuration mode
2022-12-09 19:30:56.392 [main] INFO  o.s.d.r.config.RepositoryConfigurationDelegate - Bootstrapping Spring Data Redis repositories in DEFAULT mode.
2022-12-09 19:30:56.417 [main] INFO  o.s.d.r.c.RepositoryConfigurationExtensionSupport - Spring Data Redis - Could not safely identify store assignment for repository candidate interface edu.whu.learneur.neo4j.dao.KnowledgeRepository; If you want this repository to be a Redis repository, consider annotating your entities with one of these annotations: org.springframework.data.redis.core.RedisHash (preferred), or consider extending one of the following types with your repository: org.springframework.data.keyvalue.repository.KeyValueRepository
2022-12-09 19:30:56.417 [main] INFO  o.s.d.r.config.RepositoryConfigurationDelegate - Finished Spring Data repository scanning in 13 ms. Found 0 Redis repository interfaces.
2022-12-09 19:30:57.378 [main] INFO  o.s.boot.web.embedded.tomcat.TomcatWebServer - Tomcat initialized with port(s): 8080 (http)
2022-12-09 19:30:57.386 [main] INFO  org.apache.coyote.http11.Http11NioProtocol - Initializing ProtocolHandler ["http-nio-8080"]
2022-12-09 19:30:57.387 [main] INFO  org.apache.catalina.core.StandardService - Starting service [Tomcat]
2022-12-09 19:30:57.388 [main] INFO  org.apache.catalina.core.StandardEngine - Starting Servlet engine: [Apache Tomcat/9.0.65]
2022-12-09 19:30:57.730 [main] INFO  o.a.c.core.ContainerBase.[Tomcat].[localhost].[/] - Initializing Spring embedded WebApplicationContext
2022-12-09 19:30:57.731 [main] INFO  o.s.b.w.s.c.ServletWebServerApplicationContext - Root WebApplicationContext: initialization completed in 2670 ms
2022-12-09 19:30:59.752 [main] INFO  org.neo4j.driver.internal.DriverFactory - Direct driver instance 1009111009 created for server address wslhost:7687
2022-12-09 19:31:00.559 [main] INFO  o.s.b.f.a.AutowiredAnnotationBeanPostProcessor - Autowired annotation is not supported on static fields: private static org.springframework.core.env.Environment edu.whu.learneur.utils.CodeUtils.env
2022-12-09 19:31:00.654 [main] INFO  o.s.security.web.DefaultSecurityFilterChain - Will secure any request with [org.springframework.security.web.session.DisableEncodeUrlFilter@440ef8d, org.springframework.security.web.session.ForceEagerSessionCreationFilter@17fbfb02, org.springframework.security.web.session.ForceEagerSessionCreationFilter@7cfb8e98, org.springframework.security.web.context.request.async.WebAsyncManagerIntegrationFilter@8f2e3e6, org.springframework.security.web.context.SecurityContextPersistenceFilter@3e6748ae, org.springframework.security.web.header.HeaderWriterFilter@2f15a964, org.springframework.security.web.authentication.logout.LogoutFilter@6bce4140, org.springframework.security.web.savedrequest.RequestCacheAwareFilter@6ed18d80, org.springframework.security.web.servletapi.SecurityContextHolderAwareRequestFilter@4c176ff1, org.springframework.security.web.authentication.AnonymousAuthenticationFilter@6f315b08, org.springframework.security.web.session.SessionManagementFilter@418f0534, org.springframework.security.web.access.ExceptionTranslationFilter@1282e98, org.springframework.security.web.access.intercept.FilterSecurityInterceptor@dada335]
2022-12-09 19:31:01.798 [main] INFO  org.apache.coyote.http11.Http11NioProtocol - Starting ProtocolHandler ["http-nio-8080"]
2022-12-09 19:31:01.829 [main] INFO  o.s.boot.web.embedded.tomcat.TomcatWebServer - Tomcat started on port(s): 8080 (http) with context path ''
2022-12-09 19:31:01.854 [main] INFO  edu.whu.learneur.LearneurApplication - Started LearneurApplication in 7.31 seconds (JVM running for 8.798)
2022-12-09 19:31:11.349 [SpringApplicationShutdownHook] INFO  org.neo4j.driver.internal.InternalDriver - Closing driver instance 1009111009
2022-12-09 19:32:20.803 [main] INFO  edu.whu.learneur.LearneurApplication - Starting LearneurApplication using Java 1.8.0_271 on LAPTOP-MTFLNKU4 with PID 31880 (F:\java_code\Learneur\Learneur\target\classes started by Lenovo in F:\java_code\Learneur\Learneur)
2022-12-09 19:32:20.809 [main] INFO  edu.whu.learneur.LearneurApplication - No active profile set, falling back to 1 default profile: "default"
2022-12-09 19:32:21.969 [main] INFO  o.s.d.r.config.RepositoryConfigurationDelegate - Multiple Spring Data modules found, entering strict repository configuration mode
2022-12-09 19:32:21.972 [main] INFO  o.s.d.r.config.RepositoryConfigurationDelegate - Bootstrapping Spring Data Neo4j repositories in DEFAULT mode.
2022-12-09 19:32:22.073 [main] INFO  o.s.d.r.config.RepositoryConfigurationDelegate - Finished Spring Data repository scanning in 91 ms. Found 0 Neo4j repository interfaces.
2022-12-09 19:32:22.079 [main] INFO  o.s.d.r.config.RepositoryConfigurationDelegate - Multiple Spring Data modules found, entering strict repository configuration mode
2022-12-09 19:32:22.079 [main] INFO  o.s.d.r.config.RepositoryConfigurationDelegate - Bootstrapping Spring Data Neo4j repositories in DEFAULT mode.
2022-12-09 19:32:22.121 [main] INFO  o.s.d.r.config.RepositoryConfigurationDelegate - Finished Spring Data repository scanning in 40 ms. Found 1 Neo4j repository interfaces.
2022-12-09 19:32:22.134 [main] INFO  o.s.d.r.config.RepositoryConfigurationDelegate - Multiple Spring Data modules found, entering strict repository configuration mode
2022-12-09 19:32:22.134 [main] INFO  o.s.d.r.config.RepositoryConfigurationDelegate - Bootstrapping Spring Data Redis repositories in DEFAULT mode.
2022-12-09 19:32:22.149 [main] INFO  o.s.d.r.c.RepositoryConfigurationExtensionSupport - Spring Data Redis - Could not safely identify store assignment for repository candidate interface edu.whu.learneur.neo4j.dao.KnowledgeRepository; If you want this repository to be a Redis repository, consider annotating your entities with one of these annotations: org.springframework.data.redis.core.RedisHash (preferred), or consider extending one of the following types with your repository: org.springframework.data.keyvalue.repository.KeyValueRepository
2022-12-09 19:32:22.149 [main] INFO  o.s.d.r.config.RepositoryConfigurationDelegate - Finished Spring Data repository scanning in 8 ms. Found 0 Redis repository interfaces.
2022-12-09 19:32:23.017 [main] INFO  o.s.boot.web.embedded.tomcat.TomcatWebServer - Tomcat initialized with port(s): 8080 (http)
2022-12-09 19:32:23.031 [main] INFO  org.apache.coyote.http11.Http11NioProtocol - Initializing ProtocolHandler ["http-nio-8080"]
2022-12-09 19:32:23.032 [main] INFO  org.apache.catalina.core.StandardService - Starting service [Tomcat]
2022-12-09 19:32:23.033 [main] INFO  org.apache.catalina.core.StandardEngine - Starting Servlet engine: [Apache Tomcat/9.0.65]
2022-12-09 19:32:23.362 [main] INFO  o.a.c.core.ContainerBase.[Tomcat].[localhost].[/] - Initializing Spring embedded WebApplicationContext
2022-12-09 19:32:23.362 [main] INFO  o.s.b.w.s.c.ServletWebServerApplicationContext - Root WebApplicationContext: initialization completed in 2484 ms
2022-12-09 19:32:25.203 [main] INFO  org.neo4j.driver.internal.DriverFactory - Direct driver instance 230266757 created for server address wslhost:7687
2022-12-09 19:32:25.906 [main] INFO  o.s.b.f.a.AutowiredAnnotationBeanPostProcessor - Autowired annotation is not supported on static fields: private static org.springframework.core.env.Environment edu.whu.learneur.utils.CodeUtils.env
2022-12-09 19:32:26.084 [main] INFO  o.s.security.web.DefaultSecurityFilterChain - Will secure any request with [org.springframework.security.web.session.DisableEncodeUrlFilter@54326e9, org.springframework.security.web.session.ForceEagerSessionCreationFilter@20216016, org.springframework.security.web.session.ForceEagerSessionCreationFilter@4c176ff1, org.springframework.security.web.context.request.async.WebAsyncManagerIntegrationFilter@2b441e56, org.springframework.security.web.context.SecurityContextPersistenceFilter@1d60059f, org.springframework.security.web.header.HeaderWriterFilter@418f0534, org.springframework.security.web.authentication.logout.LogoutFilter@5e2a6991, org.springframework.security.web.savedrequest.RequestCacheAwareFilter@4975dda1, org.springframework.security.web.servletapi.SecurityContextHolderAwareRequestFilter@44fd7ba4, org.springframework.security.web.authentication.AnonymousAuthenticationFilter@267891bf, org.springframework.security.web.session.SessionManagementFilter@6af78a48, org.springframework.security.web.access.ExceptionTranslationFilter@4c7d7430, org.springframework.security.web.access.intercept.FilterSecurityInterceptor@17fbfb02]
2022-12-09 19:32:27.217 [main] INFO  org.apache.coyote.http11.Http11NioProtocol - Starting ProtocolHandler ["http-nio-8080"]
2022-12-09 19:32:27.239 [main] INFO  o.s.boot.web.embedded.tomcat.TomcatWebServer - Tomcat started on port(s): 8080 (http) with context path ''
2022-12-09 19:32:27.260 [main] INFO  edu.whu.learneur.LearneurApplication - Started LearneurApplication in 6.964 seconds (JVM running for 8.318)
2022-12-09 19:33:18.168 [SpringApplicationShutdownHook] INFO  org.neo4j.driver.internal.InternalDriver - Closing driver instance 230266757
2022-12-09 19:35:34.154 [main] INFO  edu.whu.learneur.LearneurApplication - Starting LearneurApplication using Java 1.8.0_271 on LAPTOP-MTFLNKU4 with PID 41904 (F:\java_code\Learneur\Learneur\target\classes started by Lenovo in F:\java_code\Learneur\Learneur)
2022-12-09 19:35:34.162 [main] INFO  edu.whu.learneur.LearneurApplication - No active profile set, falling back to 1 default profile: "default"
2022-12-09 19:35:35.475 [main] INFO  o.s.d.r.config.RepositoryConfigurationDelegate - Multiple Spring Data modules found, entering strict repository configuration mode
2022-12-09 19:35:35.478 [main] INFO  o.s.d.r.config.RepositoryConfigurationDelegate - Bootstrapping Spring Data Neo4j repositories in DEFAULT mode.
2022-12-09 19:35:35.540 [main] INFO  o.s.d.r.config.RepositoryConfigurationDelegate - Finished Spring Data repository scanning in 54 ms. Found 0 Neo4j repository interfaces.
2022-12-09 19:35:35.545 [main] INFO  o.s.d.r.config.RepositoryConfigurationDelegate - Multiple Spring Data modules found, entering strict repository configuration mode
2022-12-09 19:35:35.546 [main] INFO  o.s.d.r.config.RepositoryConfigurationDelegate - Bootstrapping Spring Data Neo4j repositories in DEFAULT mode.
2022-12-09 19:35:35.581 [main] INFO  o.s.d.r.config.RepositoryConfigurationDelegate - Finished Spring Data repository scanning in 33 ms. Found 1 Neo4j repository interfaces.
2022-12-09 19:35:35.597 [main] INFO  o.s.d.r.config.RepositoryConfigurationDelegate - Multiple Spring Data modules found, entering strict repository configuration mode
2022-12-09 19:35:35.599 [main] INFO  o.s.d.r.config.RepositoryConfigurationDelegate - Bootstrapping Spring Data Redis repositories in DEFAULT mode.
2022-12-09 19:35:35.619 [main] INFO  o.s.d.r.c.RepositoryConfigurationExtensionSupport - Spring Data Redis - Could not safely identify store assignment for repository candidate interface edu.whu.learneur.neo4j.dao.KnowledgeRepository; If you want this repository to be a Redis repository, consider annotating your entities with one of these annotations: org.springframework.data.redis.core.RedisHash (preferred), or consider extending one of the following types with your repository: org.springframework.data.keyvalue.repository.KeyValueRepository
2022-12-09 19:35:35.619 [main] INFO  o.s.d.r.config.RepositoryConfigurationDelegate - Finished Spring Data repository scanning in 12 ms. Found 0 Redis repository interfaces.
2022-12-09 19:35:36.665 [main] INFO  o.s.boot.web.embedded.tomcat.TomcatWebServer - Tomcat initialized with port(s): 8080 (http)
2022-12-09 19:35:36.681 [main] INFO  org.apache.coyote.http11.Http11NioProtocol - Initializing ProtocolHandler ["http-nio-8080"]
2022-12-09 19:35:36.682 [main] INFO  org.apache.catalina.core.StandardService - Starting service [Tomcat]
2022-12-09 19:35:36.683 [main] INFO  org.apache.catalina.core.StandardEngine - Starting Servlet engine: [Apache Tomcat/9.0.65]
2022-12-09 19:35:36.967 [main] INFO  o.a.c.core.ContainerBase.[Tomcat].[localhost].[/] - Initializing Spring embedded WebApplicationContext
2022-12-09 19:35:36.967 [main] INFO  o.s.b.w.s.c.ServletWebServerApplicationContext - Root WebApplicationContext: initialization completed in 2726 ms
2022-12-09 19:35:39.359 [main] INFO  org.neo4j.driver.internal.DriverFactory - Direct driver instance 1698674897 created for server address wslhost:7687
2022-12-09 19:35:39.984 [main] INFO  o.s.b.f.a.AutowiredAnnotationBeanPostProcessor - Autowired annotation is not supported on static fields: private static org.springframework.core.env.Environment edu.whu.learneur.utils.CodeUtils.env
2022-12-09 19:35:40.116 [main] INFO  o.s.security.web.DefaultSecurityFilterChain - Will secure any request with [org.springframework.security.web.session.DisableEncodeUrlFilter@70091872, org.springframework.security.web.session.ForceEagerSessionCreationFilter@105db94d, org.springframework.security.web.session.ForceEagerSessionCreationFilter@5fe46d52, org.springframework.security.web.context.request.async.WebAsyncManagerIntegrationFilter@1d99ee1b, org.springframework.security.web.context.SecurityContextPersistenceFilter@3dfd7eaa, org.springframework.security.web.header.HeaderWriterFilter@4db0ba1c, org.springframework.security.web.authentication.logout.LogoutFilter@26fadd98, org.springframework.security.web.savedrequest.RequestCacheAwareFilter@7cfb8e98, org.springframework.security.web.servletapi.SecurityContextHolderAwareRequestFilter@3e6748ae, org.springframework.security.web.authentication.AnonymousAuthenticationFilter@3915e7c3, org.springframework.security.web.session.SessionManagementFilter@4ea1aa52, org.springframework.security.web.access.ExceptionTranslationFilter@45d4421d, org.springframework.security.web.access.intercept.FilterSecurityInterceptor@6afbe6a1]
2022-12-09 19:35:40.864 [main] INFO  org.apache.coyote.http11.Http11NioProtocol - Starting ProtocolHandler ["http-nio-8080"]
2022-12-09 19:35:40.874 [main] INFO  o.s.boot.web.embedded.tomcat.TomcatWebServer - Tomcat started on port(s): 8080 (http) with context path ''
2022-12-09 19:35:40.886 [main] INFO  edu.whu.learneur.LearneurApplication - Started LearneurApplication in 7.25 seconds (JVM running for 8.722)
2022-12-09 19:39:02.421 [SpringApplicationShutdownHook] INFO  org.neo4j.driver.internal.InternalDriver - Closing driver instance 1698674897
2022-12-09 19:39:10.756 [main] INFO  edu.whu.learneur.LearneurApplication - Starting LearneurApplication using Java 1.8.0_271 on LAPTOP-MTFLNKU4 with PID 39872 (F:\java_code\Learneur\Learneur\target\classes started by Lenovo in F:\java_code\Learneur\Learneur)
2022-12-09 19:39:10.758 [main] INFO  edu.whu.learneur.LearneurApplication - No active profile set, falling back to 1 default profile: "default"
2022-12-09 19:39:11.747 [main] INFO  o.s.d.r.config.RepositoryConfigurationDelegate - Multiple Spring Data modules found, entering strict repository configuration mode
2022-12-09 19:39:11.749 [main] INFO  o.s.d.r.config.RepositoryConfigurationDelegate - Bootstrapping Spring Data Neo4j repositories in DEFAULT mode.
2022-12-09 19:39:11.801 [main] INFO  o.s.d.r.config.RepositoryConfigurationDelegate - Finished Spring Data repository scanning in 46 ms. Found 0 Neo4j repository interfaces.
2022-12-09 19:39:11.806 [main] INFO  o.s.d.r.config.RepositoryConfigurationDelegate - Multiple Spring Data modules found, entering strict repository configuration mode
2022-12-09 19:39:11.806 [main] INFO  o.s.d.r.config.RepositoryConfigurationDelegate - Bootstrapping Spring Data Neo4j repositories in DEFAULT mode.
2022-12-09 19:39:11.838 [main] INFO  o.s.d.r.config.RepositoryConfigurationDelegate - Finished Spring Data repository scanning in 31 ms. Found 1 Neo4j repository interfaces.
2022-12-09 19:39:11.851 [main] INFO  o.s.d.r.config.RepositoryConfigurationDelegate - Multiple Spring Data modules found, entering strict repository configuration mode
2022-12-09 19:39:11.852 [main] INFO  o.s.d.r.config.RepositoryConfigurationDelegate - Bootstrapping Spring Data Redis repositories in DEFAULT mode.
2022-12-09 19:39:11.866 [main] INFO  o.s.d.r.c.RepositoryConfigurationExtensionSupport - Spring Data Redis - Could not safely identify store assignment for repository candidate interface edu.whu.learneur.neo4j.dao.KnowledgeRepository; If you want this repository to be a Redis repository, consider annotating your entities with one of these annotations: org.springframework.data.redis.core.RedisHash (preferred), or consider extending one of the following types with your repository: org.springframework.data.keyvalue.repository.KeyValueRepository
2022-12-09 19:39:11.867 [main] INFO  o.s.d.r.config.RepositoryConfigurationDelegate - Finished Spring Data repository scanning in 7 ms. Found 0 Redis repository interfaces.
2022-12-09 19:39:13.068 [main] INFO  o.s.boot.web.embedded.tomcat.TomcatWebServer - Tomcat initialized with port(s): 8080 (http)
2022-12-09 19:39:13.088 [main] INFO  org.apache.coyote.http11.Http11NioProtocol - Initializing ProtocolHandler ["http-nio-8080"]
2022-12-09 19:39:13.089 [main] INFO  org.apache.catalina.core.StandardService - Starting service [Tomcat]
2022-12-09 19:39:13.090 [main] INFO  org.apache.catalina.core.StandardEngine - Starting Servlet engine: [Apache Tomcat/9.0.65]
2022-12-09 19:39:13.381 [main] INFO  o.a.c.core.ContainerBase.[Tomcat].[localhost].[/] - Initializing Spring embedded WebApplicationContext
2022-12-09 19:39:13.381 [main] INFO  o.s.b.w.s.c.ServletWebServerApplicationContext - Root WebApplicationContext: initialization completed in 2588 ms
2022-12-09 19:39:16.029 [main] INFO  org.neo4j.driver.internal.DriverFactory - Direct driver instance 2047359894 created for server address wslhost:7687
2022-12-09 19:39:16.928 [main] INFO  o.s.b.f.a.AutowiredAnnotationBeanPostProcessor - Autowired annotation is not supported on static fields: private static org.springframework.core.env.Environment edu.whu.learneur.utils.CodeUtils.env
2022-12-09 19:39:17.030 [main] INFO  o.s.security.web.DefaultSecurityFilterChain - Will secure any request with [org.springframework.security.web.session.DisableEncodeUrlFilter@267891bf, org.springframework.security.web.session.ForceEagerSessionCreationFilter@3a109ff7, org.springframework.security.web.session.ForceEagerSessionCreationFilter@6aff97d6, org.springframework.security.web.context.request.async.WebAsyncManagerIntegrationFilter@111a7973, org.springframework.security.web.context.SecurityContextPersistenceFilter@54247647, org.springframework.security.web.header.HeaderWriterFilter@133aacbe, org.springframework.security.web.authentication.logout.LogoutFilter@4d7cac24, org.springframework.security.web.savedrequest.RequestCacheAwareFilter@230232b0, org.springframework.security.web.servletapi.SecurityContextHolderAwareRequestFilter@5b742bc8, org.springframework.security.web.authentication.AnonymousAuthenticationFilter@1a2773a8, org.springframework.security.web.session.SessionManagementFilter@783b3aa0, org.springframework.security.web.access.ExceptionTranslationFilter@5ed0b4e3, org.springframework.security.web.access.intercept.FilterSecurityInterceptor@6c8efde4]
2022-12-09 19:39:18.046 [main] INFO  org.apache.coyote.http11.Http11NioProtocol - Starting ProtocolHandler ["http-nio-8080"]
2022-12-09 19:39:18.059 [main] INFO  o.s.boot.web.embedded.tomcat.TomcatWebServer - Tomcat started on port(s): 8080 (http) with context path ''
2022-12-09 19:39:18.078 [main] INFO  edu.whu.learneur.LearneurApplication - Started LearneurApplication in 7.753 seconds (JVM running for 9.166)
2022-12-09 19:39:27.754 [SpringApplicationShutdownHook] INFO  org.neo4j.driver.internal.InternalDriver - Closing driver instance 2047359894
2022-12-09 19:39:33.015 [main] INFO  edu.whu.learneur.LearneurApplication - Starting LearneurApplication using Java 1.8.0_271 on LAPTOP-MTFLNKU4 with PID 20492 (F:\java_code\Learneur\Learneur\target\classes started by Lenovo in F:\java_code\Learneur\Learneur)
2022-12-09 19:39:33.021 [main] INFO  edu.whu.learneur.LearneurApplication - No active profile set, falling back to 1 default profile: "default"
2022-12-09 19:39:33.942 [main] INFO  o.s.d.r.config.RepositoryConfigurationDelegate - Multiple Spring Data modules found, entering strict repository configuration mode
2022-12-09 19:39:33.943 [main] INFO  o.s.d.r.config.RepositoryConfigurationDelegate - Bootstrapping Spring Data Neo4j repositories in DEFAULT mode.
2022-12-09 19:39:34.014 [main] INFO  o.s.d.r.config.RepositoryConfigurationDelegate - Finished Spring Data repository scanning in 66 ms. Found 0 Neo4j repository interfaces.
2022-12-09 19:39:34.018 [main] INFO  o.s.d.r.config.RepositoryConfigurationDelegate - Multiple Spring Data modules found, entering strict repository configuration mode
2022-12-09 19:39:34.018 [main] INFO  o.s.d.r.config.RepositoryConfigurationDelegate - Bootstrapping Spring Data Neo4j repositories in DEFAULT mode.
2022-12-09 19:39:34.062 [main] INFO  o.s.d.r.config.RepositoryConfigurationDelegate - Finished Spring Data repository scanning in 42 ms. Found 1 Neo4j repository interfaces.
2022-12-09 19:39:34.083 [main] INFO  o.s.d.r.config.RepositoryConfigurationDelegate - Multiple Spring Data modules found, entering strict repository configuration mode
2022-12-09 19:39:34.085 [main] INFO  o.s.d.r.config.RepositoryConfigurationDelegate - Bootstrapping Spring Data Redis repositories in DEFAULT mode.
2022-12-09 19:39:34.109 [main] INFO  o.s.d.r.c.RepositoryConfigurationExtensionSupport - Spring Data Redis - Could not safely identify store assignment for repository candidate interface edu.whu.learneur.neo4j.dao.KnowledgeRepository; If you want this repository to be a Redis repository, consider annotating your entities with one of these annotations: org.springframework.data.redis.core.RedisHash (preferred), or consider extending one of the following types with your repository: org.springframework.data.keyvalue.repository.KeyValueRepository
2022-12-09 19:39:34.110 [main] INFO  o.s.d.r.config.RepositoryConfigurationDelegate - Finished Spring Data repository scanning in 12 ms. Found 0 Redis repository interfaces.
2022-12-09 19:39:35.176 [main] INFO  o.s.boot.web.embedded.tomcat.TomcatWebServer - Tomcat initialized with port(s): 8080 (http)
2022-12-09 19:39:35.186 [main] INFO  org.apache.coyote.http11.Http11NioProtocol - Initializing ProtocolHandler ["http-nio-8080"]
2022-12-09 19:39:35.186 [main] INFO  org.apache.catalina.core.StandardService - Starting service [Tomcat]
2022-12-09 19:39:35.187 [main] INFO  org.apache.catalina.core.StandardEngine - Starting Servlet engine: [Apache Tomcat/9.0.65]
2022-12-09 19:39:35.407 [main] INFO  o.a.c.core.ContainerBase.[Tomcat].[localhost].[/] - Initializing Spring embedded WebApplicationContext
2022-12-09 19:39:35.408 [main] INFO  o.s.b.w.s.c.ServletWebServerApplicationContext - Root WebApplicationContext: initialization completed in 2328 ms
2022-12-09 19:39:37.637 [main] INFO  org.neo4j.driver.internal.DriverFactory - Direct driver instance 230266757 created for server address wslhost:7687
2022-12-09 19:39:38.303 [main] INFO  o.s.b.f.a.AutowiredAnnotationBeanPostProcessor - Autowired annotation is not supported on static fields: private static org.springframework.core.env.Environment edu.whu.learneur.utils.CodeUtils.env
2022-12-09 19:39:38.437 [main] INFO  o.s.security.web.DefaultSecurityFilterChain - Will secure any request with [org.springframework.security.web.session.DisableEncodeUrlFilter@2b441e56, org.springframework.security.web.session.ForceEagerSessionCreationFilter@267891bf, org.springframework.security.web.session.ForceEagerSessionCreationFilter@68aec50, org.springframework.security.web.context.request.async.WebAsyncManagerIntegrationFilter@3a109ff7, org.springframework.security.web.context.SecurityContextPersistenceFilter@427308f8, org.springframework.security.web.header.HeaderWriterFilter@7c9beb51, org.springframework.security.web.authentication.logout.LogoutFilter@6f96dd64, org.springframework.security.web.savedrequest.RequestCacheAwareFilter@5463f035, org.springframework.security.web.servletapi.SecurityContextHolderAwareRequestFilter@69d103f0, org.springframework.security.web.authentication.AnonymousAuthenticationFilter@111a7973, org.springframework.security.web.session.SessionManagementFilter@4c24f3a2, org.springframework.security.web.access.ExceptionTranslationFilter@74123110, org.springframework.security.web.access.intercept.FilterSecurityInterceptor@6f315b08]
2022-12-09 19:39:39.265 [main] INFO  org.apache.coyote.http11.Http11NioProtocol - Starting ProtocolHandler ["http-nio-8080"]
2022-12-09 19:39:39.278 [main] INFO  o.s.boot.web.embedded.tomcat.TomcatWebServer - Tomcat started on port(s): 8080 (http) with context path ''
2022-12-09 19:39:39.288 [main] INFO  edu.whu.learneur.LearneurApplication - Started LearneurApplication in 6.821 seconds (JVM running for 8.279)
2022-12-09 19:40:55.713 [SpringApplicationShutdownHook] INFO  org.neo4j.driver.internal.InternalDriver - Closing driver instance 230266757
2022-12-09 19:41:02.690 [main] INFO  edu.whu.learneur.LearneurApplication - Starting LearneurApplication using Java 1.8.0_271 on LAPTOP-MTFLNKU4 with PID 38440 (F:\java_code\Learneur\Learneur\target\classes started by Lenovo in F:\java_code\Learneur\Learneur)
2022-12-09 19:41:02.694 [main] INFO  edu.whu.learneur.LearneurApplication - No active profile set, falling back to 1 default profile: "default"
2022-12-09 19:41:03.752 [main] INFO  o.s.d.r.config.RepositoryConfigurationDelegate - Multiple Spring Data modules found, entering strict repository configuration mode
2022-12-09 19:41:03.754 [main] INFO  o.s.d.r.config.RepositoryConfigurationDelegate - Bootstrapping Spring Data Neo4j repositories in DEFAULT mode.
2022-12-09 19:41:03.827 [main] INFO  o.s.d.r.config.RepositoryConfigurationDelegate - Finished Spring Data repository scanning in 64 ms. Found 0 Neo4j repository interfaces.
2022-12-09 19:41:03.834 [main] INFO  o.s.d.r.config.RepositoryConfigurationDelegate - Multiple Spring Data modules found, entering strict repository configuration mode
2022-12-09 19:41:03.834 [main] INFO  o.s.d.r.config.RepositoryConfigurationDelegate - Bootstrapping Spring Data Neo4j repositories in DEFAULT mode.
2022-12-09 19:41:03.859 [main] INFO  o.s.d.r.config.RepositoryConfigurationDelegate - Finished Spring Data repository scanning in 24 ms. Found 1 Neo4j repository interfaces.
2022-12-09 19:41:03.875 [main] INFO  o.s.d.r.config.RepositoryConfigurationDelegate - Multiple Spring Data modules found, entering strict repository configuration mode
2022-12-09 19:41:03.876 [main] INFO  o.s.d.r.config.RepositoryConfigurationDelegate - Bootstrapping Spring Data Redis repositories in DEFAULT mode.
2022-12-09 19:41:03.890 [main] INFO  o.s.d.r.c.RepositoryConfigurationExtensionSupport - Spring Data Redis - Could not safely identify store assignment for repository candidate interface edu.whu.learneur.neo4j.dao.KnowledgeRepository; If you want this repository to be a Redis repository, consider annotating your entities with one of these annotations: org.springframework.data.redis.core.RedisHash (preferred), or consider extending one of the following types with your repository: org.springframework.data.keyvalue.repository.KeyValueRepository
2022-12-09 19:41:03.891 [main] INFO  o.s.d.r.config.RepositoryConfigurationDelegate - Finished Spring Data repository scanning in 7 ms. Found 0 Redis repository interfaces.
2022-12-09 19:41:04.740 [main] INFO  o.s.boot.web.embedded.tomcat.TomcatWebServer - Tomcat initialized with port(s): 8080 (http)
2022-12-09 19:41:04.753 [main] INFO  org.apache.coyote.http11.Http11NioProtocol - Initializing ProtocolHandler ["http-nio-8080"]
2022-12-09 19:41:04.754 [main] INFO  org.apache.catalina.core.StandardService - Starting service [Tomcat]
2022-12-09 19:41:04.755 [main] INFO  org.apache.catalina.core.StandardEngine - Starting Servlet engine: [Apache Tomcat/9.0.65]
2022-12-09 19:41:05.099 [main] INFO  o.a.c.core.ContainerBase.[Tomcat].[localhost].[/] - Initializing Spring embedded WebApplicationContext
2022-12-09 19:41:05.099 [main] INFO  o.s.b.w.s.c.ServletWebServerApplicationContext - Root WebApplicationContext: initialization completed in 2352 ms
2022-12-09 19:41:07.230 [main] INFO  org.neo4j.driver.internal.DriverFactory - Direct driver instance 1718918890 created for server address wslhost:7687
2022-12-09 19:41:08.072 [main] INFO  o.s.b.f.a.AutowiredAnnotationBeanPostProcessor - Autowired annotation is not supported on static fields: private static org.springframework.core.env.Environment edu.whu.learneur.utils.CodeUtils.env
2022-12-09 19:41:08.185 [main] INFO  o.s.security.web.DefaultSecurityFilterChain - Will secure any request with [org.springframework.security.web.session.DisableEncodeUrlFilter@4607d78b, org.springframework.security.web.session.ForceEagerSessionCreationFilter@3b28b7b0, org.springframework.security.web.session.ForceEagerSessionCreationFilter@23564dd2, org.springframework.security.web.context.request.async.WebAsyncManagerIntegrationFilter@22048bd6, org.springframework.security.web.context.SecurityContextPersistenceFilter@1796b2d4, org.springframework.security.web.header.HeaderWriterFilter@3cc3f13e, org.springframework.security.web.authentication.logout.LogoutFilter@7d66a126, org.springframework.security.web.savedrequest.RequestCacheAwareFilter@7f12094d, org.springframework.security.web.servletapi.SecurityContextHolderAwareRequestFilter@12567179, org.springframework.security.web.authentication.AnonymousAuthenticationFilter@566c1e71, org.springframework.security.web.session.SessionManagementFilter@4bcdd11, org.springframework.security.web.access.ExceptionTranslationFilter@3f6c2763, org.springframework.security.web.access.intercept.FilterSecurityInterceptor@1491cd6c]
2022-12-09 19:41:09.070 [main] INFO  org.apache.coyote.http11.Http11NioProtocol - Starting ProtocolHandler ["http-nio-8080"]
2022-12-09 19:41:09.089 [main] INFO  o.s.boot.web.embedded.tomcat.TomcatWebServer - Tomcat started on port(s): 8080 (http) with context path ''
2022-12-09 19:41:09.122 [main] INFO  edu.whu.learneur.LearneurApplication - Started LearneurApplication in 6.936 seconds (JVM running for 8.395)
2022-12-09 19:41:12.805 [SpringApplicationShutdownHook] INFO  org.neo4j.driver.internal.InternalDriver - Closing driver instance 1718918890
2022-12-09 19:41:20.697 [main] INFO  edu.whu.learneur.LearneurApplication - Starting LearneurApplication using Java 1.8.0_271 on LAPTOP-MTFLNKU4 with PID 36220 (F:\java_code\Learneur\Learneur\target\classes started by Lenovo in F:\java_code\Learneur\Learneur)
2022-12-09 19:41:20.702 [main] INFO  edu.whu.learneur.LearneurApplication - No active profile set, falling back to 1 default profile: "default"
2022-12-09 19:41:21.938 [main] INFO  o.s.d.r.config.RepositoryConfigurationDelegate - Multiple Spring Data modules found, entering strict repository configuration mode
2022-12-09 19:41:21.940 [main] INFO  o.s.d.r.config.RepositoryConfigurationDelegate - Bootstrapping Spring Data Neo4j repositories in DEFAULT mode.
2022-12-09 19:41:22.002 [main] INFO  o.s.d.r.config.RepositoryConfigurationDelegate - Finished Spring Data repository scanning in 57 ms. Found 0 Neo4j repository interfaces.
2022-12-09 19:41:22.006 [main] INFO  o.s.d.r.config.RepositoryConfigurationDelegate - Multiple Spring Data modules found, entering strict repository configuration mode
2022-12-09 19:41:22.006 [main] INFO  o.s.d.r.config.RepositoryConfigurationDelegate - Bootstrapping Spring Data Neo4j repositories in DEFAULT mode.
2022-12-09 19:41:22.036 [main] INFO  o.s.d.r.config.RepositoryConfigurationDelegate - Finished Spring Data repository scanning in 29 ms. Found 1 Neo4j repository interfaces.
2022-12-09 19:41:22.053 [main] INFO  o.s.d.r.config.RepositoryConfigurationDelegate - Multiple Spring Data modules found, entering strict repository configuration mode
2022-12-09 19:41:22.054 [main] INFO  o.s.d.r.config.RepositoryConfigurationDelegate - Bootstrapping Spring Data Redis repositories in DEFAULT mode.
2022-12-09 19:41:22.080 [main] INFO  o.s.d.r.c.RepositoryConfigurationExtensionSupport - Spring Data Redis - Could not safely identify store assignment for repository candidate interface edu.whu.learneur.neo4j.dao.KnowledgeRepository; If you want this repository to be a Redis repository, consider annotating your entities with one of these annotations: org.springframework.data.redis.core.RedisHash (preferred), or consider extending one of the following types with your repository: org.springframework.data.keyvalue.repository.KeyValueRepository
2022-12-09 19:41:22.080 [main] INFO  o.s.d.r.config.RepositoryConfigurationDelegate - Finished Spring Data repository scanning in 15 ms. Found 0 Redis repository interfaces.
2022-12-09 19:41:23.044 [main] INFO  o.s.boot.web.embedded.tomcat.TomcatWebServer - Tomcat initialized with port(s): 8080 (http)
2022-12-09 19:41:23.060 [main] INFO  org.apache.coyote.http11.Http11NioProtocol - Initializing ProtocolHandler ["http-nio-8080"]
2022-12-09 19:41:23.062 [main] INFO  org.apache.catalina.core.StandardService - Starting service [Tomcat]
2022-12-09 19:41:23.063 [main] INFO  org.apache.catalina.core.StandardEngine - Starting Servlet engine: [Apache Tomcat/9.0.65]
2022-12-09 19:41:23.337 [main] INFO  o.a.c.core.ContainerBase.[Tomcat].[localhost].[/] - Initializing Spring embedded WebApplicationContext
2022-12-09 19:41:23.338 [main] INFO  o.s.b.w.s.c.ServletWebServerApplicationContext - Root WebApplicationContext: initialization completed in 2559 ms
2022-12-09 19:41:25.772 [main] INFO  org.neo4j.driver.internal.DriverFactory - Direct driver instance 1718918890 created for server address wslhost:7687
2022-12-09 19:41:26.456 [main] INFO  o.s.b.f.a.AutowiredAnnotationBeanPostProcessor - Autowired annotation is not supported on static fields: private static org.springframework.core.env.Environment edu.whu.learneur.utils.CodeUtils.env
2022-12-09 19:41:26.548 [main] INFO  o.s.security.web.DefaultSecurityFilterChain - Will secure any request with [org.springframework.security.web.session.DisableEncodeUrlFilter@4607d78b, org.springframework.security.web.session.ForceEagerSessionCreationFilter@3b28b7b0, org.springframework.security.web.session.ForceEagerSessionCreationFilter@23564dd2, org.springframework.security.web.context.request.async.WebAsyncManagerIntegrationFilter@22048bd6, org.springframework.security.web.context.SecurityContextPersistenceFilter@1796b2d4, org.springframework.security.web.header.HeaderWriterFilter@3cc3f13e, org.springframework.security.web.authentication.logout.LogoutFilter@7d66a126, org.springframework.security.web.savedrequest.RequestCacheAwareFilter@7f12094d, org.springframework.security.web.servletapi.SecurityContextHolderAwareRequestFilter@12567179, org.springframework.security.web.authentication.AnonymousAuthenticationFilter@566c1e71, org.springframework.security.web.session.SessionManagementFilter@4bcdd11, org.springframework.security.web.access.ExceptionTranslationFilter@3f6c2763, org.springframework.security.web.access.intercept.FilterSecurityInterceptor@1491cd6c]
2022-12-09 19:41:27.652 [main] INFO  org.apache.coyote.http11.Http11NioProtocol - Starting ProtocolHandler ["http-nio-8080"]
2022-12-09 19:41:27.664 [main] INFO  o.s.boot.web.embedded.tomcat.TomcatWebServer - Tomcat started on port(s): 8080 (http) with context path ''
2022-12-09 19:41:27.685 [main] INFO  edu.whu.learneur.LearneurApplication - Started LearneurApplication in 7.493 seconds (JVM running for 9.006)
2022-12-09 19:42:03.732 [scheduling-1] INFO  com.zaxxer.hikari.HikariDataSource - HikariPool-1 - Starting...
2022-12-09 19:42:03.934 [scheduling-1] INFO  com.zaxxer.hikari.HikariDataSource - HikariPool-1 - Start completed.
2022-12-09 19:43:21.047 [SpringApplicationShutdownHook] INFO  org.neo4j.driver.internal.InternalDriver - Closing driver instance 1718918890
2022-12-09 19:43:21.323 [SpringApplicationShutdownHook] INFO  com.zaxxer.hikari.HikariDataSource - HikariPool-1 - Shutdown initiated...
2022-12-09 19:43:21.345 [SpringApplicationShutdownHook] INFO  com.zaxxer.hikari.HikariDataSource - HikariPool-1 - Shutdown completed.
