2022-12-12 17:29:31.707 [main] INFO  o.s.b.t.context.SpringBootTestContextBootstrapper - Neither @ContextConfiguration nor @ContextHierarchy found for test class [edu.whu.learneur.service.CrawlTest], using SpringBootContextLoader
2022-12-12 17:29:31.713 [main] INFO  o.s.test.context.support.AbstractContextLoader - Could not detect default resource locations for test class [edu.whu.learneur.service.CrawlTest]: no resource found for suffixes {-context.xml, Context.groovy}.
2022-12-12 17:29:31.714 [main] INFO  o.s.t.c.support.AnnotationConfigContextLoaderUtils - Could not detect default configuration classes for test class [edu.whu.learneur.service.CrawlTest]: CrawlTest does not declare any static, non-private, non-final, nested classes annotated with @Configuration.
2022-12-12 17:29:31.825 [main] INFO  o.s.b.t.context.SpringBootTestContextBootstrapper - Found @SpringBootConfiguration edu.whu.learneur.LearneurApplication for test class edu.whu.learneur.service.CrawlTest
2022-12-12 17:29:31.937 [main] INFO  o.s.b.t.context.SpringBootTestContextBootstrapper - Loaded default TestExecutionListener class names from location [META-INF/spring.factories]: [org.springframework.boot.test.mock.mockito.MockitoTestExecutionListener, org.springframework.boot.test.mock.mockito.ResetMocksTestExecutionListener, org.springframework.boot.test.autoconfigure.restdocs.RestDocsTestExecutionListener, org.springframework.boot.test.autoconfigure.web.client.MockRestServiceServerResetTestExecutionListener, org.springframework.boot.test.autoconfigure.web.servlet.MockMvcPrintOnlyOnFailureTestExecutionListener, org.springframework.boot.test.autoconfigure.web.servlet.WebDriverTestExecutionListener, org.springframework.boot.test.autoconfigure.webservices.client.MockWebServiceServerTestExecutionListener, org.springframework.test.context.web.ServletTestExecutionListener, org.springframework.test.context.support.DirtiesContextBeforeModesTestExecutionListener, org.springframework.test.context.event.ApplicationEventsTestExecutionListener, org.springframework.test.context.support.DependencyInjectionTestExecutionListener, org.springframework.test.context.support.DirtiesContextTestExecutionListener, org.springframework.test.context.transaction.TransactionalTestExecutionListener, org.springframework.test.context.jdbc.SqlScriptsTestExecutionListener, org.springframework.test.context.event.EventPublishingTestExecutionListener]
2022-12-12 17:29:31.958 [main] INFO  o.s.b.t.context.SpringBootTestContextBootstrapper - Using TestExecutionListeners: [org.springframework.test.context.web.ServletTestExecutionListener@266374ef, org.springframework.test.context.support.DirtiesContextBeforeModesTestExecutionListener@13b3d178, org.springframework.test.context.event.ApplicationEventsTestExecutionListener@24c4ddae, org.springframework.boot.test.mock.mockito.MockitoTestExecutionListener@37fb0bed, org.springframework.boot.test.autoconfigure.SpringBootDependencyInjectionTestExecutionListener@a82c5f1, org.springframework.test.context.support.DirtiesContextTestExecutionListener@7b7fdc8, org.springframework.test.context.transaction.TransactionalTestExecutionListener@51c693d, org.springframework.test.context.jdbc.SqlScriptsTestExecutionListener@6a57ae10, org.springframework.test.context.event.EventPublishingTestExecutionListener@766653e6, org.springframework.boot.test.mock.mockito.ResetMocksTestExecutionListener@4e07b95f, org.springframework.boot.test.autoconfigure.restdocs.RestDocsTestExecutionListener@28b46423, org.springframework.boot.test.autoconfigure.web.client.MockRestServiceServerResetTestExecutionListener@7fc4780b, org.springframework.boot.test.autoconfigure.web.servlet.MockMvcPrintOnlyOnFailureTestExecutionListener@3b79fd76, org.springframework.boot.test.autoconfigure.web.servlet.WebDriverTestExecutionListener@48c76607, org.springframework.boot.test.autoconfigure.webservices.client.MockWebServiceServerTestExecutionListener@43599640]
2022-12-12 17:29:32.284 [main] INFO  edu.whu.learneur.service.CrawlTest - Starting CrawlTest using Java 1.8.0_352 on DESKTOP-6IUE2F6 with PID 8328 (started by 10049 in D:\学习\大三\javaee项目\Learneur_1\Learneur)
2022-12-12 17:29:32.285 [main] INFO  edu.whu.learneur.service.CrawlTest - No active profile set, falling back to 1 default profile: "default"
2022-12-12 17:29:32.938 [main] INFO  o.s.d.r.config.RepositoryConfigurationDelegate - Multiple Spring Data modules found, entering strict repository configuration mode
2022-12-12 17:29:32.940 [main] INFO  o.s.d.r.config.RepositoryConfigurationDelegate - Bootstrapping Spring Data Neo4j repositories in DEFAULT mode.
2022-12-12 17:29:33.087 [main] INFO  o.s.d.r.config.RepositoryConfigurationDelegate - Finished Spring Data repository scanning in 141 ms. Found 0 Neo4j repository interfaces.
2022-12-12 17:29:33.090 [main] INFO  o.s.d.r.config.RepositoryConfigurationDelegate - Multiple Spring Data modules found, entering strict repository configuration mode
2022-12-12 17:29:33.090 [main] INFO  o.s.d.r.config.RepositoryConfigurationDelegate - Bootstrapping Spring Data Neo4j repositories in DEFAULT mode.
2022-12-12 17:29:33.113 [main] INFO  o.s.d.r.config.RepositoryConfigurationDelegate - Finished Spring Data repository scanning in 22 ms. Found 1 Neo4j repository interfaces.
2022-12-12 17:29:33.124 [main] INFO  o.s.d.r.config.RepositoryConfigurationDelegate - Multiple Spring Data modules found, entering strict repository configuration mode
2022-12-12 17:29:33.125 [main] INFO  o.s.d.r.config.RepositoryConfigurationDelegate - Bootstrapping Spring Data Redis repositories in DEFAULT mode.
2022-12-12 17:29:33.137 [main] INFO  o.s.d.r.c.RepositoryConfigurationExtensionSupport - Spring Data Redis - Could not safely identify store assignment for repository candidate interface edu.whu.learneur.neo4j.dao.KnowledgeRepository; If you want this repository to be a Redis repository, consider annotating your entities with one of these annotations: org.springframework.data.redis.core.RedisHash (preferred), or consider extending one of the following types with your repository: org.springframework.data.keyvalue.repository.KeyValueRepository
2022-12-12 17:29:33.137 [main] INFO  o.s.d.r.config.RepositoryConfigurationDelegate - Finished Spring Data repository scanning in 5 ms. Found 0 Redis repository interfaces.
2022-12-12 17:29:35.418 [main] INFO  org.neo4j.driver.internal.DriverFactory - Direct driver instance 289262328 created for server address 10.132.54.169:7687
2022-12-12 17:29:35.949 [main] INFO  o.s.b.f.a.AutowiredAnnotationBeanPostProcessor - Autowired annotation is not supported on static fields: private static org.springframework.core.env.Environment edu.whu.learneur.utils.CodeUtils.env
2022-12-12 17:29:36.122 [main] INFO  o.s.security.web.DefaultSecurityFilterChain - Will secure any request with [org.springframework.security.web.session.DisableEncodeUrlFilter@5a8d676e, org.springframework.security.web.session.ForceEagerSessionCreationFilter@74764622, org.springframework.security.web.session.ForceEagerSessionCreationFilter@3dda8a2e, org.springframework.security.web.context.request.async.WebAsyncManagerIntegrationFilter@7ba06506, org.springframework.security.web.context.SecurityContextPersistenceFilter@2e349cf2, org.springframework.security.web.header.HeaderWriterFilter@134d7ffa, org.springframework.security.web.authentication.logout.LogoutFilter@42ff9a77, org.springframework.security.web.savedrequest.RequestCacheAwareFilter@12f51a65, org.springframework.security.web.servletapi.SecurityContextHolderAwareRequestFilter@7bf65e0f, org.springframework.security.web.authentication.AnonymousAuthenticationFilter@63dc3420, org.springframework.security.web.session.SessionManagementFilter@36525ab, org.springframework.security.web.access.ExceptionTranslationFilter@134abd78, org.springframework.security.web.access.intercept.FilterSecurityInterceptor@1282f784]
2022-12-12 17:29:37.314 [main] INFO  edu.whu.learneur.service.CrawlTest - Started CrawlTest in 5.317 seconds (JVM running for 6.359)
2022-12-12 17:29:37.738 [main] INFO  o.s.test.context.transaction.TransactionContext - Began transaction (1) for test context [DefaultTestContext@124ff64d testClass = CrawlTest, testInstance = edu.whu.learneur.service.CrawlTest@75aa7703, testMethod = bookTest@CrawlTest, testException = [null], mergedContextConfiguration = [WebMergedContextConfiguration@79777da7 testClass = CrawlTest, locations = '{}', classes = '{class edu.whu.learneur.LearneurApplication}', contextInitializerClasses = '[]', activeProfiles = '{}', propertySourceLocations = '{}', propertySourceProperties = '{org.springframework.boot.test.context.SpringBootTestContextBootstrapper=true}', contextCustomizers = set[org.springframework.boot.test.context.filter.ExcludeFilterContextCustomizer@6a370f4, org.springframework.boot.test.json.DuplicateJsonObjectContextCustomizerFactory$DuplicateJsonObjectContextCustomizer@19d481b, org.springframework.boot.test.mock.mockito.MockitoContextCustomizer@0, org.springframework.boot.test.web.client.TestRestTemplateContextCustomizer@69e1dd28, org.springframework.boot.test.autoconfigure.actuate.metrics.MetricsExportContextCustomizerFactory$DisableMetricExportContextCustomizer@5fd4f8f5, org.springframework.boot.test.autoconfigure.properties.PropertyMappingContextCustomizer@0, org.springframework.boot.test.autoconfigure.web.servlet.WebDriverContextCustomizerFactory$Customizer@a2431d0, org.springframework.boot.test.context.SpringBootTestArgs@1, org.springframework.boot.test.context.SpringBootTestWebEnvironment@ea4a92b], resourceBasePath = 'src/main/webapp', contextLoader = 'org.springframework.boot.test.context.SpringBootContextLoader', parent = [null]], attributes = map['org.springframework.test.context.web.ServletTestExecutionListener.activateListener' -> true, 'org.springframework.test.context.web.ServletTestExecutionListener.populatedRequestContextHolder' -> true, 'org.springframework.test.context.web.ServletTestExecutionListener.resetRequestContextHolder' -> true, 'org.springframework.test.context.event.ApplicationEventsTestExecutionListener.recordApplicationEvents' -> false]]; transaction manager [org.springframework.data.neo4j.core.transaction.Neo4jTransactionManager@3395c2a7]; rollback [true]
2022-12-12 17:29:37.993 [main] INFO  com.zaxxer.hikari.HikariDataSource - HikariPool-1 - Starting...
2022-12-12 17:29:38.344 [main] INFO  com.zaxxer.hikari.HikariDataSource - HikariPool-1 - Start completed.
2022-12-12 17:29:38.418 [main] INFO  o.s.test.context.transaction.TransactionContext - Rolled back transaction for test: [DefaultTestContext@124ff64d testClass = CrawlTest, testInstance = edu.whu.learneur.service.CrawlTest@75aa7703, testMethod = bookTest@CrawlTest, testException = [null], mergedContextConfiguration = [WebMergedContextConfiguration@79777da7 testClass = CrawlTest, locations = '{}', classes = '{class edu.whu.learneur.LearneurApplication}', contextInitializerClasses = '[]', activeProfiles = '{}', propertySourceLocations = '{}', propertySourceProperties = '{org.springframework.boot.test.context.SpringBootTestContextBootstrapper=true}', contextCustomizers = set[org.springframework.boot.test.context.filter.ExcludeFilterContextCustomizer@6a370f4, org.springframework.boot.test.json.DuplicateJsonObjectContextCustomizerFactory$DuplicateJsonObjectContextCustomizer@19d481b, org.springframework.boot.test.mock.mockito.MockitoContextCustomizer@0, org.springframework.boot.test.web.client.TestRestTemplateContextCustomizer@69e1dd28, org.springframework.boot.test.autoconfigure.actuate.metrics.MetricsExportContextCustomizerFactory$DisableMetricExportContextCustomizer@5fd4f8f5, org.springframework.boot.test.autoconfigure.properties.PropertyMappingContextCustomizer@0, org.springframework.boot.test.autoconfigure.web.servlet.WebDriverContextCustomizerFactory$Customizer@a2431d0, org.springframework.boot.test.context.SpringBootTestArgs@1, org.springframework.boot.test.context.SpringBootTestWebEnvironment@ea4a92b], resourceBasePath = 'src/main/webapp', contextLoader = 'org.springframework.boot.test.context.SpringBootContextLoader', parent = [null]], attributes = map['org.springframework.test.context.web.ServletTestExecutionListener.activateListener' -> true, 'org.springframework.test.context.web.ServletTestExecutionListener.populatedRequestContextHolder' -> true, 'org.springframework.test.context.web.ServletTestExecutionListener.resetRequestContextHolder' -> true, 'org.springframework.test.context.event.ApplicationEventsTestExecutionListener.recordApplicationEvents' -> false]]
2022-12-12 17:29:38.428 [SpringApplicationShutdownHook] INFO  org.neo4j.driver.internal.InternalDriver - Closing driver instance 289262328
2022-12-12 17:29:38.431 [SpringApplicationShutdownHook] INFO  o.n.driver.internal.async.pool.ConnectionPoolImpl - Closing connection pool towards 10.132.54.169:7687
2022-12-12 17:29:38.683 [SpringApplicationShutdownHook] INFO  com.zaxxer.hikari.HikariDataSource - HikariPool-1 - Shutdown initiated...
2022-12-12 17:29:38.692 [SpringApplicationShutdownHook] INFO  com.zaxxer.hikari.HikariDataSource - HikariPool-1 - Shutdown completed.
2022-12-12 17:29:45.309 [main] INFO  edu.whu.learneur.LearneurApplication - Starting LearneurApplication using Java 1.8.0_352 on DESKTOP-6IUE2F6 with PID 47564 (D:\学习\大三\javaee项目\Learneur_1\Learneur\target\classes started by 10049 in D:\学习\大三\javaee项目\Learneur_1\Learneur)
2022-12-12 17:29:45.311 [main] INFO  edu.whu.learneur.LearneurApplication - No active profile set, falling back to 1 default profile: "default"
2022-12-12 17:29:45.807 [main] INFO  o.s.d.r.config.RepositoryConfigurationDelegate - Multiple Spring Data modules found, entering strict repository configuration mode
2022-12-12 17:29:45.808 [main] INFO  o.s.d.r.config.RepositoryConfigurationDelegate - Bootstrapping Spring Data Neo4j repositories in DEFAULT mode.
2022-12-12 17:29:45.842 [main] INFO  o.s.d.r.config.RepositoryConfigurationDelegate - Finished Spring Data repository scanning in 30 ms. Found 0 Neo4j repository interfaces.
2022-12-12 17:29:45.845 [main] INFO  o.s.d.r.config.RepositoryConfigurationDelegate - Multiple Spring Data modules found, entering strict repository configuration mode
2022-12-12 17:29:45.846 [main] INFO  o.s.d.r.config.RepositoryConfigurationDelegate - Bootstrapping Spring Data Neo4j repositories in DEFAULT mode.
2022-12-12 17:29:45.863 [main] INFO  o.s.d.r.config.RepositoryConfigurationDelegate - Finished Spring Data repository scanning in 17 ms. Found 1 Neo4j repository interfaces.
2022-12-12 17:29:45.874 [main] INFO  o.s.d.r.config.RepositoryConfigurationDelegate - Multiple Spring Data modules found, entering strict repository configuration mode
2022-12-12 17:29:45.875 [main] INFO  o.s.d.r.config.RepositoryConfigurationDelegate - Bootstrapping Spring Data Redis repositories in DEFAULT mode.
2022-12-12 17:29:45.885 [main] INFO  o.s.d.r.c.RepositoryConfigurationExtensionSupport - Spring Data Redis - Could not safely identify store assignment for repository candidate interface edu.whu.learneur.neo4j.dao.KnowledgeRepository; If you want this repository to be a Redis repository, consider annotating your entities with one of these annotations: org.springframework.data.redis.core.RedisHash (preferred), or consider extending one of the following types with your repository: org.springframework.data.keyvalue.repository.KeyValueRepository
2022-12-12 17:29:45.885 [main] INFO  o.s.d.r.config.RepositoryConfigurationDelegate - Finished Spring Data repository scanning in 5 ms. Found 0 Redis repository interfaces.
2022-12-12 17:29:46.347 [main] INFO  o.s.boot.web.embedded.tomcat.TomcatWebServer - Tomcat initialized with port(s): 8080 (http)
2022-12-12 17:29:46.353 [main] INFO  org.apache.coyote.http11.Http11NioProtocol - Initializing ProtocolHandler ["http-nio-8080"]
2022-12-12 17:29:46.354 [main] INFO  org.apache.catalina.core.StandardService - Starting service [Tomcat]
2022-12-12 17:29:46.354 [main] INFO  org.apache.catalina.core.StandardEngine - Starting Servlet engine: [Apache Tomcat/9.0.65]
2022-12-12 17:29:46.488 [main] INFO  o.a.c.core.ContainerBase.[Tomcat].[localhost].[/] - Initializing Spring embedded WebApplicationContext
2022-12-12 17:29:46.488 [main] INFO  o.s.b.w.s.c.ServletWebServerApplicationContext - Root WebApplicationContext: initialization completed in 1147 ms
2022-12-12 17:29:47.345 [main] INFO  org.neo4j.driver.internal.DriverFactory - Direct driver instance 577628476 created for server address 10.132.54.169:7687
2022-12-12 17:29:47.693 [main] INFO  o.s.b.f.a.AutowiredAnnotationBeanPostProcessor - Autowired annotation is not supported on static fields: private static org.springframework.core.env.Environment edu.whu.learneur.utils.CodeUtils.env
2022-12-12 17:29:47.761 [main] INFO  o.s.security.web.DefaultSecurityFilterChain - Will secure any request with [org.springframework.security.web.session.DisableEncodeUrlFilter@21d9cd04, org.springframework.security.web.session.ForceEagerSessionCreationFilter@799f354a, org.springframework.security.web.session.ForceEagerSessionCreationFilter@1e92c3b6, org.springframework.security.web.context.request.async.WebAsyncManagerIntegrationFilter@33bdd01, org.springframework.security.web.context.SecurityContextPersistenceFilter@23ad2d17, org.springframework.security.web.header.HeaderWriterFilter@427308f8, org.springframework.security.web.authentication.logout.LogoutFilter@49b89425, org.springframework.security.web.savedrequest.RequestCacheAwareFilter@120df990, org.springframework.security.web.servletapi.SecurityContextHolderAwareRequestFilter@18cf5c52, org.springframework.security.web.authentication.AnonymousAuthenticationFilter@159ac15f, org.springframework.security.web.session.SessionManagementFilter@722531ab, org.springframework.security.web.access.ExceptionTranslationFilter@4c24f3a2, org.springframework.security.web.access.intercept.FilterSecurityInterceptor@15369d73]
2022-12-12 17:29:48.170 [main] INFO  org.apache.coyote.http11.Http11NioProtocol - Starting ProtocolHandler ["http-nio-8080"]
2022-12-12 17:29:48.178 [main] INFO  o.s.boot.web.embedded.tomcat.TomcatWebServer - Tomcat started on port(s): 8080 (http) with context path ''
2022-12-12 17:29:48.185 [main] INFO  edu.whu.learneur.LearneurApplication - Started LearneurApplication in 3.125 seconds (JVM running for 3.69)
2022-12-12 17:29:58.983 [SpringApplicationShutdownHook] INFO  org.neo4j.driver.internal.InternalDriver - Closing driver instance 577628476
2022-12-12 17:30:12.619 [main] INFO  edu.whu.learneur.LearneurApplication - Starting LearneurApplication using Java 1.8.0_352 on DESKTOP-6IUE2F6 with PID 19664 (D:\学习\大三\javaee项目\Learneur_1\Learneur\target\classes started by 10049 in D:\学习\大三\javaee项目\Learneur_1\Learneur)
2022-12-12 17:30:12.621 [main] INFO  edu.whu.learneur.LearneurApplication - No active profile set, falling back to 1 default profile: "default"
2022-12-12 17:30:13.329 [main] INFO  o.s.d.r.config.RepositoryConfigurationDelegate - Multiple Spring Data modules found, entering strict repository configuration mode
2022-12-12 17:30:13.330 [main] INFO  o.s.d.r.config.RepositoryConfigurationDelegate - Bootstrapping Spring Data Neo4j repositories in DEFAULT mode.
2022-12-12 17:30:13.367 [main] INFO  o.s.d.r.config.RepositoryConfigurationDelegate - Finished Spring Data repository scanning in 32 ms. Found 0 Neo4j repository interfaces.
2022-12-12 17:30:13.369 [main] INFO  o.s.d.r.config.RepositoryConfigurationDelegate - Multiple Spring Data modules found, entering strict repository configuration mode
2022-12-12 17:30:13.369 [main] INFO  o.s.d.r.config.RepositoryConfigurationDelegate - Bootstrapping Spring Data Neo4j repositories in DEFAULT mode.
2022-12-12 17:30:13.387 [main] INFO  o.s.d.r.config.RepositoryConfigurationDelegate - Finished Spring Data repository scanning in 17 ms. Found 1 Neo4j repository interfaces.
2022-12-12 17:30:13.398 [main] INFO  o.s.d.r.config.RepositoryConfigurationDelegate - Multiple Spring Data modules found, entering strict repository configuration mode
2022-12-12 17:30:13.399 [main] INFO  o.s.d.r.config.RepositoryConfigurationDelegate - Bootstrapping Spring Data Redis repositories in DEFAULT mode.
2022-12-12 17:30:13.409 [main] INFO  o.s.d.r.c.RepositoryConfigurationExtensionSupport - Spring Data Redis - Could not safely identify store assignment for repository candidate interface edu.whu.learneur.neo4j.dao.KnowledgeRepository; If you want this repository to be a Redis repository, consider annotating your entities with one of these annotations: org.springframework.data.redis.core.RedisHash (preferred), or consider extending one of the following types with your repository: org.springframework.data.keyvalue.repository.KeyValueRepository
2022-12-12 17:30:13.410 [main] INFO  o.s.d.r.config.RepositoryConfigurationDelegate - Finished Spring Data repository scanning in 5 ms. Found 0 Redis repository interfaces.
2022-12-12 17:30:13.889 [main] INFO  o.s.boot.web.embedded.tomcat.TomcatWebServer - Tomcat initialized with port(s): 8088 (http)
2022-12-12 17:30:13.895 [main] INFO  org.apache.coyote.http11.Http11NioProtocol - Initializing ProtocolHandler ["http-nio-8088"]
2022-12-12 17:30:13.896 [main] INFO  org.apache.catalina.core.StandardService - Starting service [Tomcat]
2022-12-12 17:30:13.896 [main] INFO  org.apache.catalina.core.StandardEngine - Starting Servlet engine: [Apache Tomcat/9.0.65]
2022-12-12 17:30:14.029 [main] INFO  o.a.c.core.ContainerBase.[Tomcat].[localhost].[/] - Initializing Spring embedded WebApplicationContext
2022-12-12 17:30:14.029 [main] INFO  o.s.b.w.s.c.ServletWebServerApplicationContext - Root WebApplicationContext: initialization completed in 1379 ms
2022-12-12 17:30:15.054 [main] INFO  org.neo4j.driver.internal.DriverFactory - Direct driver instance 577628476 created for server address 10.132.54.169:7687
2022-12-12 17:30:15.503 [main] INFO  o.s.b.f.a.AutowiredAnnotationBeanPostProcessor - Autowired annotation is not supported on static fields: private static org.springframework.core.env.Environment edu.whu.learneur.utils.CodeUtils.env
2022-12-12 17:30:15.574 [main] INFO  o.s.security.web.DefaultSecurityFilterChain - Will secure any request with [org.springframework.security.web.session.DisableEncodeUrlFilter@4e48462d, org.springframework.security.web.session.ForceEagerSessionCreationFilter@17216605, org.springframework.security.web.session.ForceEagerSessionCreationFilter@b506ed0, org.springframework.security.web.context.request.async.WebAsyncManagerIntegrationFilter@10a907ec, org.springframework.security.web.context.SecurityContextPersistenceFilter@10618775, org.springframework.security.web.header.HeaderWriterFilter@5b742bc8, org.springframework.security.web.authentication.logout.LogoutFilter@401e02b4, org.springframework.security.web.savedrequest.RequestCacheAwareFilter@5e2a6991, org.springframework.security.web.servletapi.SecurityContextHolderAwareRequestFilter@409732fb, org.springframework.security.web.authentication.AnonymousAuthenticationFilter@59b492ec, org.springframework.security.web.session.SessionManagementFilter@23ad2d17, org.springframework.security.web.access.ExceptionTranslationFilter@427308f8, org.springframework.security.web.access.intercept.FilterSecurityInterceptor@7b5021d1]
2022-12-12 17:30:16.016 [main] INFO  org.apache.coyote.http11.Http11NioProtocol - Starting ProtocolHandler ["http-nio-8088"]
2022-12-12 17:30:16.023 [main] INFO  o.s.boot.web.embedded.tomcat.TomcatWebServer - Tomcat started on port(s): 8088 (http) with context path ''
2022-12-12 17:30:16.030 [main] INFO  edu.whu.learneur.LearneurApplication - Started LearneurApplication in 3.689 seconds (JVM running for 4.274)
2022-12-12 17:30:49.023 [SpringApplicationShutdownHook] INFO  org.neo4j.driver.internal.InternalDriver - Closing driver instance 577628476
2022-12-12 17:31:23.808 [main] INFO  edu.whu.learneur.LearneurApplication - Starting LearneurApplication using Java 1.8.0_352 on DESKTOP-6IUE2F6 with PID 41284 (D:\学习\大三\javaee项目\Learneur_1\Learneur\target\classes started by 10049 in D:\学习\大三\javaee项目\Learneur_1\Learneur)
2022-12-12 17:31:23.810 [main] INFO  edu.whu.learneur.LearneurApplication - No active profile set, falling back to 1 default profile: "default"
2022-12-12 17:31:24.334 [main] INFO  o.s.d.r.config.RepositoryConfigurationDelegate - Multiple Spring Data modules found, entering strict repository configuration mode
2022-12-12 17:31:24.335 [main] INFO  o.s.d.r.config.RepositoryConfigurationDelegate - Bootstrapping Spring Data Neo4j repositories in DEFAULT mode.
2022-12-12 17:31:24.370 [main] INFO  o.s.d.r.config.RepositoryConfigurationDelegate - Finished Spring Data repository scanning in 31 ms. Found 0 Neo4j repository interfaces.
2022-12-12 17:31:24.373 [main] INFO  o.s.d.r.config.RepositoryConfigurationDelegate - Multiple Spring Data modules found, entering strict repository configuration mode
2022-12-12 17:31:24.373 [main] INFO  o.s.d.r.config.RepositoryConfigurationDelegate - Bootstrapping Spring Data Neo4j repositories in DEFAULT mode.
2022-12-12 17:31:24.393 [main] INFO  o.s.d.r.config.RepositoryConfigurationDelegate - Finished Spring Data repository scanning in 19 ms. Found 1 Neo4j repository interfaces.
2022-12-12 17:31:24.401 [main] INFO  o.s.d.r.config.RepositoryConfigurationDelegate - Multiple Spring Data modules found, entering strict repository configuration mode
2022-12-12 17:31:24.405 [main] INFO  o.s.d.r.config.RepositoryConfigurationDelegate - Bootstrapping Spring Data Redis repositories in DEFAULT mode.
2022-12-12 17:31:24.416 [main] INFO  o.s.d.r.c.RepositoryConfigurationExtensionSupport - Spring Data Redis - Could not safely identify store assignment for repository candidate interface edu.whu.learneur.neo4j.dao.KnowledgeRepository; If you want this repository to be a Redis repository, consider annotating your entities with one of these annotations: org.springframework.data.redis.core.RedisHash (preferred), or consider extending one of the following types with your repository: org.springframework.data.keyvalue.repository.KeyValueRepository
2022-12-12 17:31:24.416 [main] INFO  o.s.d.r.config.RepositoryConfigurationDelegate - Finished Spring Data repository scanning in 5 ms. Found 0 Redis repository interfaces.
2022-12-12 17:31:24.883 [main] INFO  o.s.boot.web.embedded.tomcat.TomcatWebServer - Tomcat initialized with port(s): 8080 (http)
2022-12-12 17:31:24.889 [main] INFO  org.apache.coyote.http11.Http11NioProtocol - Initializing ProtocolHandler ["http-nio-8080"]
2022-12-12 17:31:24.889 [main] INFO  org.apache.catalina.core.StandardService - Starting service [Tomcat]
2022-12-12 17:31:24.890 [main] INFO  org.apache.catalina.core.StandardEngine - Starting Servlet engine: [Apache Tomcat/9.0.65]
2022-12-12 17:31:25.032 [main] INFO  o.a.c.core.ContainerBase.[Tomcat].[localhost].[/] - Initializing Spring embedded WebApplicationContext
2022-12-12 17:31:25.032 [main] INFO  o.s.b.w.s.c.ServletWebServerApplicationContext - Root WebApplicationContext: initialization completed in 1195 ms
2022-12-12 17:31:25.957 [main] INFO  org.neo4j.driver.internal.DriverFactory - Direct driver instance 638466103 created for server address 10.132.54.169:7687
2022-12-12 17:31:26.312 [main] INFO  o.s.b.f.a.AutowiredAnnotationBeanPostProcessor - Autowired annotation is not supported on static fields: private static org.springframework.core.env.Environment edu.whu.learneur.utils.CodeUtils.env
2022-12-12 17:31:26.380 [main] INFO  o.s.security.web.DefaultSecurityFilterChain - Will secure any request with [org.springframework.security.web.session.DisableEncodeUrlFilter@4f213a2, org.springframework.security.web.session.ForceEagerSessionCreationFilter@25699aa7, org.springframework.security.web.session.ForceEagerSessionCreationFilter@e0d1dc4, org.springframework.security.web.context.request.async.WebAsyncManagerIntegrationFilter@5a47730c, org.springframework.security.web.context.SecurityContextPersistenceFilter@22f8adc2, org.springframework.security.web.header.HeaderWriterFilter@3e6748ae, org.springframework.security.web.authentication.logout.LogoutFilter@63917fe1, org.springframework.security.web.savedrequest.RequestCacheAwareFilter@130a6eb9, org.springframework.security.web.servletapi.SecurityContextHolderAwareRequestFilter@66451058, org.springframework.security.web.authentication.AnonymousAuthenticationFilter@15369d73, org.springframework.security.web.session.SessionManagementFilter@1d60059f, org.springframework.security.web.access.ExceptionTranslationFilter@418f0534, org.springframework.security.web.access.intercept.FilterSecurityInterceptor@4b4814d0]
2022-12-12 17:31:26.801 [main] INFO  org.apache.coyote.http11.Http11NioProtocol - Starting ProtocolHandler ["http-nio-8080"]
2022-12-12 17:31:26.808 [main] INFO  o.s.boot.web.embedded.tomcat.TomcatWebServer - Tomcat started on port(s): 8080 (http) with context path ''
2022-12-12 17:31:26.815 [main] INFO  edu.whu.learneur.LearneurApplication - Started LearneurApplication in 3.255 seconds (JVM running for 3.832)
2022-12-12 17:31:47.956 [http-nio-8080-exec-4] INFO  o.a.c.core.ContainerBase.[Tomcat].[localhost].[/] - Initializing Spring DispatcherServlet 'dispatcherServlet'
2022-12-12 17:31:47.956 [http-nio-8080-exec-4] INFO  org.springframework.web.servlet.DispatcherServlet - Initializing Servlet 'dispatcherServlet'
2022-12-12 17:31:47.957 [http-nio-8080-exec-4] INFO  org.springframework.web.servlet.DispatcherServlet - Completed initialization in 0 ms
2022-12-12 17:32:49.096 [SpringApplicationShutdownHook] INFO  org.neo4j.driver.internal.InternalDriver - Closing driver instance 638466103
2022-12-12 21:46:26.390 [main] INFO  org.apache.coyote.http11.Http11NioProtocol - Initializing ProtocolHandler ["http-nio-8080"]
2022-12-12 21:46:26.391 [main] INFO  org.apache.catalina.core.StandardService - Starting service [Tomcat]
2022-12-12 21:46:26.391 [main] INFO  org.apache.catalina.core.StandardEngine - Starting Servlet engine: [Apache Tomcat/9.0.65]
2022-12-12 21:46:26.565 [main] INFO  o.a.c.core.ContainerBase.[Tomcat].[localhost].[/] - Initializing Spring embedded WebApplicationContext
2022-12-12 21:46:31.098 [main] INFO  org.apache.catalina.core.StandardService - Stopping service [Tomcat]
2022-12-12 22:06:32.262 [main] INFO  org.apache.coyote.http11.Http11NioProtocol - Initializing ProtocolHandler ["http-nio-8080"]
2022-12-12 22:06:32.264 [main] INFO  org.apache.catalina.core.StandardService - Starting service [Tomcat]
2022-12-12 22:06:32.264 [main] INFO  org.apache.catalina.core.StandardEngine - Starting Servlet engine: [Apache Tomcat/9.0.65]
2022-12-12 22:06:32.429 [main] INFO  o.a.c.core.ContainerBase.[Tomcat].[localhost].[/] - Initializing Spring embedded WebApplicationContext
2022-12-12 22:06:36.905 [main] INFO  org.apache.catalina.core.StandardService - Stopping service [Tomcat]
2022-12-12 22:10:27.387 [main] INFO  org.apache.coyote.http11.Http11NioProtocol - Initializing ProtocolHandler ["http-nio-8080"]
2022-12-12 22:10:27.388 [main] INFO  org.apache.catalina.core.StandardService - Starting service [Tomcat]
2022-12-12 22:10:27.388 [main] INFO  org.apache.catalina.core.StandardEngine - Starting Servlet engine: [Apache Tomcat/9.0.65]
2022-12-12 22:10:27.466 [main] INFO  o.a.c.core.ContainerBase.[Tomcat].[localhost].[/] - Initializing Spring embedded WebApplicationContext
2022-12-12 22:10:30.691 [main] INFO  org.apache.catalina.core.StandardService - Stopping service [Tomcat]
2022-12-12 22:11:37.963 [main] INFO  org.apache.coyote.http11.Http11NioProtocol - Initializing ProtocolHandler ["http-nio-8080"]
2022-12-12 22:11:37.965 [main] INFO  org.apache.catalina.core.StandardService - Starting service [Tomcat]
2022-12-12 22:11:37.965 [main] INFO  org.apache.catalina.core.StandardEngine - Starting Servlet engine: [Apache Tomcat/9.0.65]
2022-12-12 22:11:38.049 [main] INFO  o.a.c.core.ContainerBase.[Tomcat].[localhost].[/] - Initializing Spring embedded WebApplicationContext
2022-12-12 22:11:40.262 [main] INFO  org.apache.coyote.http11.Http11NioProtocol - Starting ProtocolHandler ["http-nio-8080"]
2022-12-12 22:12:54.433 [main] INFO  org.apache.coyote.http11.Http11NioProtocol - Initializing ProtocolHandler ["http-nio-8080"]
2022-12-12 22:12:54.434 [main] INFO  org.apache.catalina.core.StandardService - Starting service [Tomcat]
2022-12-12 22:12:54.434 [main] INFO  org.apache.catalina.core.StandardEngine - Starting Servlet engine: [Apache Tomcat/9.0.65]
2022-12-12 22:12:54.518 [main] INFO  o.a.c.core.ContainerBase.[Tomcat].[localhost].[/] - Initializing Spring embedded WebApplicationContext
2022-12-12 22:12:56.641 [main] INFO  org.apache.coyote.http11.Http11NioProtocol - Starting ProtocolHandler ["http-nio-8080"]
2022-12-12 22:15:27.924 [http-nio-8080-exec-1] INFO  o.a.c.core.ContainerBase.[Tomcat].[localhost].[/] - Initializing Spring DispatcherServlet 'dispatcherServlet'
2022-12-12 22:31:46.167 [http-nio-8080-exec-1] INFO  com.zaxxer.hikari.HikariDataSource - HikariPool-1 - Starting...
2022-12-12 22:31:46.355 [http-nio-8080-exec-1] INFO  com.zaxxer.hikari.HikariDataSource - HikariPool-1 - Start completed.
2022-12-12 22:31:46.511 [http-nio-8080-exec-1] INFO  edu.whu.learneur.security.DbUserDetailService - 用户: lzy于2022-12-12T22:31:46.511成功登陆
2022-12-12 22:31:46.678 [http-nio-8080-exec-1] INFO  edu.whu.learneur.security.DbUserDetailService - 用户: lzy于2022-12-12T22:31:46.678成功登陆
2022-12-12 22:33:20.341 [http-nio-8080-exec-2] INFO  edu.whu.learneur.security.DbUserDetailService - 用户: lzy于2022-12-12T22:33:20.341成功登陆
2022-12-12 22:33:20.498 [http-nio-8080-exec-2] INFO  edu.whu.learneur.security.DbUserDetailService - 用户: lzy于2022-12-12T22:33:20.498成功登陆
2022-12-12 22:33:59.767 [SpringApplicationShutdownHook] INFO  com.zaxxer.hikari.HikariDataSource - HikariPool-1 - Shutdown initiated...
2022-12-12 22:33:59.777 [SpringApplicationShutdownHook] INFO  com.zaxxer.hikari.HikariDataSource - HikariPool-1 - Shutdown completed.
2022-12-12 22:34:04.912 [main] INFO  org.apache.coyote.http11.Http11NioProtocol - Initializing ProtocolHandler ["http-nio-8080"]
2022-12-12 22:34:04.913 [main] INFO  org.apache.catalina.core.StandardService - Starting service [Tomcat]
2022-12-12 22:34:04.913 [main] INFO  org.apache.catalina.core.StandardEngine - Starting Servlet engine: [Apache Tomcat/9.0.65]
2022-12-12 22:34:04.989 [main] INFO  o.a.c.core.ContainerBase.[Tomcat].[localhost].[/] - Initializing Spring embedded WebApplicationContext
2022-12-12 22:34:07.042 [main] INFO  org.apache.coyote.http11.Http11NioProtocol - Starting ProtocolHandler ["http-nio-8080"]
2022-12-12 22:34:11.454 [http-nio-8080-exec-1] INFO  o.a.c.core.ContainerBase.[Tomcat].[localhost].[/] - Initializing Spring DispatcherServlet 'dispatcherServlet'
2022-12-12 22:34:11.983 [http-nio-8080-exec-1] INFO  com.zaxxer.hikari.HikariDataSource - HikariPool-1 - Starting...
2022-12-12 22:34:12.186 [http-nio-8080-exec-1] INFO  com.zaxxer.hikari.HikariDataSource - HikariPool-1 - Start completed.
2022-12-12 22:34:12.265 [http-nio-8080-exec-1] INFO  edu.whu.learneur.security.DbUserDetailService - 用户: lzy于2022-12-12T22:34:12.265成功登陆
2022-12-12 22:34:12.434 [http-nio-8080-exec-1] INFO  edu.whu.learneur.security.DbUserDetailService - 用户: lzy于2022-12-12T22:34:12.434成功登陆
2022-12-12 22:35:18.722 [http-nio-8080-exec-2] INFO  edu.whu.learneur.security.DbUserDetailService - 用户: lzy于2022-12-12T22:35:18.722成功登陆
2022-12-12 22:35:18.878 [http-nio-8080-exec-2] INFO  edu.whu.learneur.security.DbUserDetailService - 用户: lzy于2022-12-12T22:35:18.878成功登陆
2022-12-12 22:37:19.520 [SpringApplicationShutdownHook] INFO  com.zaxxer.hikari.HikariDataSource - HikariPool-1 - Shutdown initiated...
2022-12-12 22:37:19.530 [SpringApplicationShutdownHook] INFO  com.zaxxer.hikari.HikariDataSource - HikariPool-1 - Shutdown completed.
2022-12-12 22:37:24.669 [main] INFO  org.apache.coyote.http11.Http11NioProtocol - Initializing ProtocolHandler ["http-nio-8080"]
2022-12-12 22:37:24.671 [main] INFO  org.apache.catalina.core.StandardService - Starting service [Tomcat]
2022-12-12 22:37:24.671 [main] INFO  org.apache.catalina.core.StandardEngine - Starting Servlet engine: [Apache Tomcat/9.0.65]
2022-12-12 22:37:24.748 [main] INFO  o.a.c.core.ContainerBase.[Tomcat].[localhost].[/] - Initializing Spring embedded WebApplicationContext
2022-12-12 22:37:26.998 [main] INFO  org.apache.coyote.http11.Http11NioProtocol - Starting ProtocolHandler ["http-nio-8080"]
2022-12-12 22:37:29.527 [http-nio-8080-exec-1] INFO  o.a.c.core.ContainerBase.[Tomcat].[localhost].[/] - Initializing Spring DispatcherServlet 'dispatcherServlet'
2022-12-12 22:37:30.055 [http-nio-8080-exec-1] INFO  com.zaxxer.hikari.HikariDataSource - HikariPool-1 - Starting...
2022-12-12 22:37:30.253 [http-nio-8080-exec-1] INFO  com.zaxxer.hikari.HikariDataSource - HikariPool-1 - Start completed.
2022-12-12 22:37:30.331 [http-nio-8080-exec-1] INFO  edu.whu.learneur.security.DbUserDetailService - 用户: lzy于2022-12-12T22:37:30.331成功登陆
2022-12-12 22:37:30.492 [http-nio-8080-exec-1] INFO  edu.whu.learneur.security.DbUserDetailService - 用户: lzy于2022-12-12T22:37:30.492成功登陆
2022-12-12 22:37:45.717 [SpringApplicationShutdownHook] INFO  com.zaxxer.hikari.HikariDataSource - HikariPool-1 - Shutdown initiated...
2022-12-12 22:37:45.726 [SpringApplicationShutdownHook] INFO  com.zaxxer.hikari.HikariDataSource - HikariPool-1 - Shutdown completed.
2022-12-12 22:37:50.914 [main] INFO  org.apache.coyote.http11.Http11NioProtocol - Initializing ProtocolHandler ["http-nio-8080"]
2022-12-12 22:37:50.915 [main] INFO  org.apache.catalina.core.StandardService - Starting service [Tomcat]
2022-12-12 22:37:50.916 [main] INFO  org.apache.catalina.core.StandardEngine - Starting Servlet engine: [Apache Tomcat/9.0.65]
2022-12-12 22:37:50.992 [main] INFO  o.a.c.core.ContainerBase.[Tomcat].[localhost].[/] - Initializing Spring embedded WebApplicationContext
2022-12-12 22:37:53.167 [main] INFO  org.apache.coyote.http11.Http11NioProtocol - Starting ProtocolHandler ["http-nio-8080"]
2022-12-12 22:37:56.770 [http-nio-8080-exec-1] INFO  o.a.c.core.ContainerBase.[Tomcat].[localhost].[/] - Initializing Spring DispatcherServlet 'dispatcherServlet'
2022-12-12 22:37:57.310 [http-nio-8080-exec-1] INFO  com.zaxxer.hikari.HikariDataSource - HikariPool-1 - Starting...
2022-12-12 22:37:57.505 [http-nio-8080-exec-1] INFO  com.zaxxer.hikari.HikariDataSource - HikariPool-1 - Start completed.
2022-12-12 22:37:57.581 [http-nio-8080-exec-1] INFO  edu.whu.learneur.security.DbUserDetailService - 用户: lzy于2022-12-12T22:37:57.581成功登陆
2022-12-12 22:37:57.741 [http-nio-8080-exec-1] INFO  edu.whu.learneur.security.DbUserDetailService - 用户: lzy于2022-12-12T22:37:57.741成功登陆
2022-12-12 22:38:20.050 [SpringApplicationShutdownHook] INFO  com.zaxxer.hikari.HikariDataSource - HikariPool-1 - Shutdown initiated...
2022-12-12 22:38:20.059 [SpringApplicationShutdownHook] INFO  com.zaxxer.hikari.HikariDataSource - HikariPool-1 - Shutdown completed.
2022-12-12 22:38:25.121 [main] INFO  org.apache.coyote.http11.Http11NioProtocol - Initializing ProtocolHandler ["http-nio-8080"]
2022-12-12 22:38:25.122 [main] INFO  org.apache.catalina.core.StandardService - Starting service [Tomcat]
2022-12-12 22:38:25.123 [main] INFO  org.apache.catalina.core.StandardEngine - Starting Servlet engine: [Apache Tomcat/9.0.65]
2022-12-12 22:38:25.196 [main] INFO  o.a.c.core.ContainerBase.[Tomcat].[localhost].[/] - Initializing Spring embedded WebApplicationContext
2022-12-12 22:38:27.216 [main] INFO  org.apache.coyote.http11.Http11NioProtocol - Starting ProtocolHandler ["http-nio-8080"]
2022-12-12 22:38:31.865 [http-nio-8080-exec-1] INFO  o.a.c.core.ContainerBase.[Tomcat].[localhost].[/] - Initializing Spring DispatcherServlet 'dispatcherServlet'
2022-12-12 22:38:32.413 [http-nio-8080-exec-1] INFO  com.zaxxer.hikari.HikariDataSource - HikariPool-1 - Starting...
2022-12-12 22:38:32.602 [http-nio-8080-exec-1] INFO  com.zaxxer.hikari.HikariDataSource - HikariPool-1 - Start completed.
2022-12-12 22:38:32.686 [http-nio-8080-exec-1] INFO  edu.whu.learneur.security.DbUserDetailService - 用户: lzy于2022-12-12T22:38:32.685成功登陆
2022-12-12 22:38:32.846 [http-nio-8080-exec-1] INFO  edu.whu.learneur.security.DbUserDetailService - 用户: lzy于2022-12-12T22:38:32.846成功登陆
2022-12-12 22:45:20.006 [SpringApplicationShutdownHook] INFO  com.zaxxer.hikari.HikariDataSource - HikariPool-1 - Shutdown initiated...
2022-12-12 22:45:20.015 [SpringApplicationShutdownHook] INFO  com.zaxxer.hikari.HikariDataSource - HikariPool-1 - Shutdown completed.
2022-12-12 22:45:23.722 [main] INFO  org.apache.coyote.http11.Http11NioProtocol - Initializing ProtocolHandler ["http-nio-8080"]
2022-12-12 22:45:23.724 [main] INFO  org.apache.catalina.core.StandardService - Starting service [Tomcat]
2022-12-12 22:45:23.724 [main] INFO  org.apache.catalina.core.StandardEngine - Starting Servlet engine: [Apache Tomcat/9.0.65]
2022-12-12 22:45:23.800 [main] INFO  o.a.c.core.ContainerBase.[Tomcat].[localhost].[/] - Initializing Spring embedded WebApplicationContext
2022-12-12 22:45:25.859 [main] INFO  org.apache.coyote.http11.Http11NioProtocol - Starting ProtocolHandler ["http-nio-8080"]
2022-12-12 22:45:28.780 [http-nio-8080-exec-1] INFO  o.a.c.core.ContainerBase.[Tomcat].[localhost].[/] - Initializing Spring DispatcherServlet 'dispatcherServlet'
2022-12-12 22:45:29.313 [http-nio-8080-exec-1] INFO  com.zaxxer.hikari.HikariDataSource - HikariPool-1 - Starting...
2022-12-12 22:45:29.508 [http-nio-8080-exec-1] INFO  com.zaxxer.hikari.HikariDataSource - HikariPool-1 - Start completed.
2022-12-12 22:45:29.585 [http-nio-8080-exec-1] INFO  edu.whu.learneur.security.DbUserDetailService - 用户: lzy于2022-12-12T22:45:29.585成功登陆
2022-12-12 22:45:29.747 [http-nio-8080-exec-1] INFO  edu.whu.learneur.security.DbUserDetailService - 用户: lzy于2022-12-12T22:45:29.747成功登陆
2022-12-12 22:46:39.618 [SpringApplicationShutdownHook] INFO  com.zaxxer.hikari.HikariDataSource - HikariPool-1 - Shutdown initiated...
2022-12-12 22:46:39.627 [SpringApplicationShutdownHook] INFO  com.zaxxer.hikari.HikariDataSource - HikariPool-1 - Shutdown completed.
2022-12-12 22:46:43.268 [main] INFO  org.apache.coyote.http11.Http11NioProtocol - Initializing ProtocolHandler ["http-nio-8080"]
2022-12-12 22:46:43.270 [main] INFO  org.apache.catalina.core.StandardService - Starting service [Tomcat]
2022-12-12 22:46:43.270 [main] INFO  org.apache.catalina.core.StandardEngine - Starting Servlet engine: [Apache Tomcat/9.0.65]
2022-12-12 22:46:43.347 [main] INFO  o.a.c.core.ContainerBase.[Tomcat].[localhost].[/] - Initializing Spring embedded WebApplicationContext
2022-12-12 22:46:45.381 [main] INFO  org.apache.coyote.http11.Http11NioProtocol - Starting ProtocolHandler ["http-nio-8080"]
2022-12-12 22:48:03.640 [main] INFO  org.apache.coyote.http11.Http11NioProtocol - Initializing ProtocolHandler ["http-nio-8080"]
2022-12-12 22:48:03.641 [main] INFO  org.apache.catalina.core.StandardService - Starting service [Tomcat]
2022-12-12 22:48:03.641 [main] INFO  org.apache.catalina.core.StandardEngine - Starting Servlet engine: [Apache Tomcat/9.0.65]
2022-12-12 22:48:03.718 [main] INFO  o.a.c.core.ContainerBase.[Tomcat].[localhost].[/] - Initializing Spring embedded WebApplicationContext
2022-12-12 22:48:05.871 [main] INFO  org.apache.coyote.http11.Http11NioProtocol - Starting ProtocolHandler ["http-nio-8080"]
2022-12-12 22:49:00.023 [scheduling-1] INFO  com.zaxxer.hikari.HikariDataSource - HikariPool-1 - Starting...
2022-12-12 22:49:00.185 [scheduling-1] INFO  com.zaxxer.hikari.HikariDataSource - HikariPool-1 - Start completed.
2022-12-12 23:03:19.073 [SpringApplicationShutdownHook] INFO  com.zaxxer.hikari.HikariDataSource - HikariPool-1 - Shutdown initiated...
2022-12-12 23:03:19.082 [SpringApplicationShutdownHook] INFO  com.zaxxer.hikari.HikariDataSource - HikariPool-1 - Shutdown completed.
2022-12-12 23:05:46.538 [main] INFO  org.apache.coyote.http11.Http11NioProtocol - Initializing ProtocolHandler ["http-nio-8080"]
2022-12-12 23:05:46.539 [main] INFO  org.apache.catalina.core.StandardService - Starting service [Tomcat]
2022-12-12 23:05:46.539 [main] INFO  org.apache.catalina.core.StandardEngine - Starting Servlet engine: [Apache Tomcat/9.0.65]
2022-12-12 23:05:46.617 [main] INFO  o.a.c.core.ContainerBase.[Tomcat].[localhost].[/] - Initializing Spring embedded WebApplicationContext
2022-12-12 23:05:48.802 [main] INFO  org.apache.coyote.http11.Http11NioProtocol - Starting ProtocolHandler ["http-nio-8080"]
2022-12-12 23:06:24.564 [main] INFO  org.apache.coyote.http11.Http11NioProtocol - Initializing ProtocolHandler ["http-nio-8080"]
2022-12-12 23:06:24.566 [main] INFO  org.apache.catalina.core.StandardService - Starting service [Tomcat]
2022-12-12 23:06:24.566 [main] INFO  org.apache.catalina.core.StandardEngine - Starting Servlet engine: [Apache Tomcat/9.0.65]
2022-12-12 23:06:24.644 [main] INFO  o.a.c.core.ContainerBase.[Tomcat].[localhost].[/] - Initializing Spring embedded WebApplicationContext
2022-12-12 23:06:26.815 [main] INFO  org.apache.coyote.http11.Http11NioProtocol - Starting ProtocolHandler ["http-nio-8080"]
2022-12-12 23:07:22.978 [main] INFO  org.apache.coyote.http11.Http11NioProtocol - Initializing ProtocolHandler ["http-nio-8080"]
2022-12-12 23:07:22.980 [main] INFO  org.apache.catalina.core.StandardService - Starting service [Tomcat]
2022-12-12 23:07:22.980 [main] INFO  org.apache.catalina.core.StandardEngine - Starting Servlet engine: [Apache Tomcat/9.0.65]
2022-12-12 23:07:23.059 [main] INFO  o.a.c.core.ContainerBase.[Tomcat].[localhost].[/] - Initializing Spring embedded WebApplicationContext
2022-12-12 23:07:25.213 [main] INFO  org.apache.coyote.http11.Http11NioProtocol - Starting ProtocolHandler ["http-nio-8080"]
2022-12-12 23:08:00.019 [scheduling-1] INFO  com.zaxxer.hikari.HikariDataSource - HikariPool-1 - Starting...
2022-12-12 23:08:00.184 [scheduling-1] INFO  com.zaxxer.hikari.HikariDataSource - HikariPool-1 - Start completed.
2022-12-12 23:15:37.247 [SpringApplicationShutdownHook] INFO  com.zaxxer.hikari.HikariDataSource - HikariPool-1 - Shutdown initiated...
2022-12-12 23:15:37.255 [SpringApplicationShutdownHook] INFO  com.zaxxer.hikari.HikariDataSource - HikariPool-1 - Shutdown completed.
2022-12-12 23:15:48.238 [main] INFO  org.apache.coyote.http11.Http11NioProtocol - Initializing ProtocolHandler ["http-nio-8080"]
2022-12-12 23:15:48.239 [main] INFO  org.apache.catalina.core.StandardService - Starting service [Tomcat]
2022-12-12 23:15:48.239 [main] INFO  org.apache.catalina.core.StandardEngine - Starting Servlet engine: [Apache Tomcat/9.0.65]
2022-12-12 23:15:48.321 [main] INFO  o.a.c.core.ContainerBase.[Tomcat].[localhost].[/] - Initializing Spring embedded WebApplicationContext
2022-12-12 23:15:50.472 [main] INFO  org.apache.coyote.http11.Http11NioProtocol - Starting ProtocolHandler ["http-nio-8080"]
2022-12-12 23:16:00.032 [scheduling-1] INFO  com.zaxxer.hikari.HikariDataSource - HikariPool-1 - Starting...
2022-12-12 23:16:00.195 [scheduling-1] INFO  com.zaxxer.hikari.HikariDataSource - HikariPool-1 - Start completed.
2022-12-12 23:26:09.462 [SpringApplicationShutdownHook] INFO  com.zaxxer.hikari.HikariDataSource - HikariPool-1 - Shutdown initiated...
2022-12-12 23:26:09.472 [SpringApplicationShutdownHook] INFO  com.zaxxer.hikari.HikariDataSource - HikariPool-1 - Shutdown completed.
2022-12-12 23:29:33.047 [main] INFO  org.apache.coyote.http11.Http11NioProtocol - Initializing ProtocolHandler ["http-nio-8080"]
2022-12-12 23:29:33.049 [main] INFO  org.apache.catalina.core.StandardService - Starting service [Tomcat]
2022-12-12 23:29:33.049 [main] INFO  org.apache.catalina.core.StandardEngine - Starting Servlet engine: [Apache Tomcat/9.0.65]
2022-12-12 23:29:33.131 [main] INFO  o.a.c.core.ContainerBase.[Tomcat].[localhost].[/] - Initializing Spring embedded WebApplicationContext
2022-12-12 23:29:35.264 [main] INFO  org.apache.coyote.http11.Http11NioProtocol - Starting ProtocolHandler ["http-nio-8080"]
2022-12-12 23:31:00.020 [scheduling-1] INFO  com.zaxxer.hikari.HikariDataSource - HikariPool-1 - Starting...
2022-12-12 23:31:00.192 [scheduling-1] INFO  com.zaxxer.hikari.HikariDataSource - HikariPool-1 - Start completed.
2022-12-12 23:33:39.289 [SpringApplicationShutdownHook] INFO  com.zaxxer.hikari.HikariDataSource - HikariPool-1 - Shutdown initiated...
2022-12-12 23:33:39.299 [SpringApplicationShutdownHook] INFO  com.zaxxer.hikari.HikariDataSource - HikariPool-1 - Shutdown completed.
2022-12-12 23:33:47.555 [main] INFO  org.apache.coyote.http11.Http11NioProtocol - Initializing ProtocolHandler ["http-nio-8080"]
2022-12-12 23:33:47.557 [main] INFO  org.apache.catalina.core.StandardService - Starting service [Tomcat]
2022-12-12 23:33:47.557 [main] INFO  org.apache.catalina.core.StandardEngine - Starting Servlet engine: [Apache Tomcat/9.0.65]
2022-12-12 23:33:47.641 [main] INFO  o.a.c.core.ContainerBase.[Tomcat].[localhost].[/] - Initializing Spring embedded WebApplicationContext
2022-12-12 23:33:49.792 [main] INFO  org.apache.coyote.http11.Http11NioProtocol - Starting ProtocolHandler ["http-nio-8080"]
2022-12-12 23:34:00.019 [scheduling-1] INFO  com.zaxxer.hikari.HikariDataSource - HikariPool-1 - Starting...
2022-12-12 23:34:00.181 [scheduling-1] INFO  com.zaxxer.hikari.HikariDataSource - HikariPool-1 - Start completed.
2022-12-12 23:34:14.305 [SpringApplicationShutdownHook] INFO  com.zaxxer.hikari.HikariDataSource - HikariPool-1 - Shutdown initiated...
2022-12-12 23:34:14.314 [SpringApplicationShutdownHook] INFO  com.zaxxer.hikari.HikariDataSource - HikariPool-1 - Shutdown completed.
2022-12-12 23:35:41.141 [main] INFO  org.apache.coyote.http11.Http11NioProtocol - Initializing ProtocolHandler ["http-nio-8080"]
2022-12-12 23:35:41.142 [main] INFO  org.apache.catalina.core.StandardService - Starting service [Tomcat]
2022-12-12 23:35:41.142 [main] INFO  org.apache.catalina.core.StandardEngine - Starting Servlet engine: [Apache Tomcat/9.0.65]
2022-12-12 23:35:41.218 [main] INFO  o.a.c.core.ContainerBase.[Tomcat].[localhost].[/] - Initializing Spring embedded WebApplicationContext
2022-12-12 23:35:43.376 [main] INFO  org.apache.coyote.http11.Http11NioProtocol - Starting ProtocolHandler ["http-nio-8080"]
2022-12-12 23:36:00.033 [scheduling-1] INFO  com.zaxxer.hikari.HikariDataSource - HikariPool-1 - Starting...
2022-12-12 23:36:00.195 [scheduling-1] INFO  com.zaxxer.hikari.HikariDataSource - HikariPool-1 - Start completed.
2022-12-12 23:37:55.846 [SpringApplicationShutdownHook] INFO  com.zaxxer.hikari.HikariDataSource - HikariPool-1 - Shutdown initiated...
2022-12-12 23:37:55.855 [SpringApplicationShutdownHook] INFO  com.zaxxer.hikari.HikariDataSource - HikariPool-1 - Shutdown completed.
2022-12-12 23:38:13.387 [main] INFO  org.apache.coyote.http11.Http11NioProtocol - Initializing ProtocolHandler ["http-nio-8080"]
2022-12-12 23:38:13.389 [main] INFO  org.apache.catalina.core.StandardService - Starting service [Tomcat]
2022-12-12 23:38:13.389 [main] INFO  org.apache.catalina.core.StandardEngine - Starting Servlet engine: [Apache Tomcat/9.0.65]
2022-12-12 23:38:13.470 [main] INFO  o.a.c.core.ContainerBase.[Tomcat].[localhost].[/] - Initializing Spring embedded WebApplicationContext
2022-12-12 23:38:15.688 [main] INFO  org.apache.coyote.http11.Http11NioProtocol - Starting ProtocolHandler ["http-nio-8080"]
2022-12-12 23:39:00.032 [scheduling-1] INFO  com.zaxxer.hikari.HikariDataSource - HikariPool-1 - Starting...
2022-12-12 23:39:00.191 [scheduling-1] INFO  com.zaxxer.hikari.HikariDataSource - HikariPool-1 - Start completed.
2022-12-12 23:44:43.243 [SpringApplicationShutdownHook] INFO  com.zaxxer.hikari.HikariDataSource - HikariPool-1 - Shutdown initiated...
2022-12-12 23:44:43.252 [SpringApplicationShutdownHook] INFO  com.zaxxer.hikari.HikariDataSource - HikariPool-1 - Shutdown completed.
2022-12-12 23:44:48.292 [main] INFO  org.apache.coyote.http11.Http11NioProtocol - Initializing ProtocolHandler ["http-nio-8080"]
2022-12-12 23:44:48.809 [main] INFO  org.apache.catalina.core.StandardService - Starting service [Tomcat]
2022-12-12 23:44:48.810 [main] INFO  org.apache.catalina.core.StandardEngine - Starting Servlet engine: [Apache Tomcat/9.0.65]
2022-12-12 23:44:48.888 [main] INFO  o.a.c.core.ContainerBase.[Tomcat].[localhost].[/] - Initializing Spring embedded WebApplicationContext
2022-12-12 23:44:50.932 [main] INFO  org.apache.coyote.http11.Http11NioProtocol - Starting ProtocolHandler ["http-nio-8080"]
2022-12-12 23:45:00.032 [scheduling-1] INFO  com.zaxxer.hikari.HikariDataSource - HikariPool-1 - Starting...
2022-12-12 23:45:00.187 [scheduling-1] INFO  com.zaxxer.hikari.HikariDataSource - HikariPool-1 - Start completed.
2022-12-12 23:46:15.656 [SpringApplicationShutdownHook] INFO  com.zaxxer.hikari.HikariDataSource - HikariPool-1 - Shutdown initiated...
2022-12-12 23:46:15.665 [SpringApplicationShutdownHook] INFO  com.zaxxer.hikari.HikariDataSource - HikariPool-1 - Shutdown completed.
2022-12-12 23:46:29.969 [main] INFO  org.apache.coyote.http11.Http11NioProtocol - Initializing ProtocolHandler ["http-nio-8080"]
2022-12-12 23:46:29.970 [main] INFO  org.apache.catalina.core.StandardService - Starting service [Tomcat]
2022-12-12 23:46:29.970 [main] INFO  org.apache.catalina.core.StandardEngine - Starting Servlet engine: [Apache Tomcat/9.0.65]
2022-12-12 23:46:30.045 [main] INFO  o.a.c.core.ContainerBase.[Tomcat].[localhost].[/] - Initializing Spring embedded WebApplicationContext
2022-12-12 23:46:32.233 [main] INFO  org.apache.coyote.http11.Http11NioProtocol - Starting ProtocolHandler ["http-nio-8080"]
2022-12-12 23:47:00.024 [scheduling-1] INFO  com.zaxxer.hikari.HikariDataSource - HikariPool-1 - Starting...
2022-12-12 23:47:00.206 [scheduling-1] INFO  com.zaxxer.hikari.HikariDataSource - HikariPool-1 - Start completed.
2022-12-12 23:49:00.652 [SpringApplicationShutdownHook] INFO  com.zaxxer.hikari.HikariDataSource - HikariPool-1 - Shutdown initiated...
2022-12-12 23:49:00.662 [SpringApplicationShutdownHook] INFO  com.zaxxer.hikari.HikariDataSource - HikariPool-1 - Shutdown completed.
2022-12-12 23:49:05.746 [main] INFO  org.apache.coyote.http11.Http11NioProtocol - Initializing ProtocolHandler ["http-nio-8080"]
2022-12-12 23:49:05.748 [main] INFO  org.apache.catalina.core.StandardService - Starting service [Tomcat]
2022-12-12 23:49:05.748 [main] INFO  org.apache.catalina.core.StandardEngine - Starting Servlet engine: [Apache Tomcat/9.0.65]
2022-12-12 23:49:05.827 [main] INFO  o.a.c.core.ContainerBase.[Tomcat].[localhost].[/] - Initializing Spring embedded WebApplicationContext
2022-12-12 23:49:07.889 [main] INFO  org.apache.coyote.http11.Http11NioProtocol - Starting ProtocolHandler ["http-nio-8080"]
2022-12-12 23:49:14.813 [main] INFO  org.apache.coyote.http11.Http11NioProtocol - Initializing ProtocolHandler ["http-nio-8080"]
2022-12-12 23:49:14.815 [main] INFO  org.apache.catalina.core.StandardService - Starting service [Tomcat]
2022-12-12 23:49:14.815 [main] INFO  org.apache.catalina.core.StandardEngine - Starting Servlet engine: [Apache Tomcat/9.0.65]
2022-12-12 23:49:14.889 [main] INFO  o.a.c.core.ContainerBase.[Tomcat].[localhost].[/] - Initializing Spring embedded WebApplicationContext
2022-12-12 23:49:16.931 [main] INFO  org.apache.coyote.http11.Http11NioProtocol - Starting ProtocolHandler ["http-nio-8080"]
2022-12-12 23:50:00.024 [scheduling-1] INFO  com.zaxxer.hikari.HikariDataSource - HikariPool-1 - Starting...
2022-12-12 23:50:00.177 [scheduling-1] INFO  com.zaxxer.hikari.HikariDataSource - HikariPool-1 - Start completed.
2022-12-12 23:51:29.640 [SpringApplicationShutdownHook] INFO  com.zaxxer.hikari.HikariDataSource - HikariPool-1 - Shutdown initiated...
2022-12-12 23:51:29.649 [SpringApplicationShutdownHook] INFO  com.zaxxer.hikari.HikariDataSource - HikariPool-1 - Shutdown completed.
2022-12-12 23:51:34.523 [main] INFO  org.apache.coyote.http11.Http11NioProtocol - Initializing ProtocolHandler ["http-nio-8080"]
2022-12-12 23:51:34.524 [main] INFO  org.apache.catalina.core.StandardService - Starting service [Tomcat]
2022-12-12 23:51:34.524 [main] INFO  org.apache.catalina.core.StandardEngine - Starting Servlet engine: [Apache Tomcat/9.0.65]
2022-12-12 23:51:34.598 [main] INFO  o.a.c.core.ContainerBase.[Tomcat].[localhost].[/] - Initializing Spring embedded WebApplicationContext
2022-12-12 23:51:36.623 [main] INFO  org.apache.coyote.http11.Http11NioProtocol - Starting ProtocolHandler ["http-nio-8080"]
2022-12-12 23:52:00.030 [scheduling-1] INFO  com.zaxxer.hikari.HikariDataSource - HikariPool-1 - Starting...
2022-12-12 23:52:00.183 [scheduling-1] INFO  com.zaxxer.hikari.HikariDataSource - HikariPool-1 - Start completed.
2022-12-12 23:55:57.036 [SpringApplicationShutdownHook] INFO  com.zaxxer.hikari.HikariDataSource - HikariPool-1 - Shutdown initiated...
2022-12-12 23:55:57.045 [SpringApplicationShutdownHook] INFO  com.zaxxer.hikari.HikariDataSource - HikariPool-1 - Shutdown completed.
2022-12-12 23:56:03.083 [main] INFO  org.apache.coyote.http11.Http11NioProtocol - Initializing ProtocolHandler ["http-nio-8080"]
2022-12-12 23:56:03.086 [main] INFO  org.apache.catalina.core.StandardService - Starting service [Tomcat]
2022-12-12 23:56:03.086 [main] INFO  org.apache.catalina.core.StandardEngine - Starting Servlet engine: [Apache Tomcat/9.0.65]
2022-12-12 23:56:03.180 [main] INFO  o.a.c.core.ContainerBase.[Tomcat].[localhost].[/] - Initializing Spring embedded WebApplicationContext
2022-12-12 23:56:05.576 [main] INFO  org.apache.coyote.http11.Http11NioProtocol - Starting ProtocolHandler ["http-nio-8080"]
2022-12-12 23:56:38.975 [main] INFO  org.apache.coyote.http11.Http11NioProtocol - Initializing ProtocolHandler ["http-nio-8080"]
2022-12-12 23:56:38.977 [main] INFO  org.apache.catalina.core.StandardService - Starting service [Tomcat]
2022-12-12 23:56:38.977 [main] INFO  org.apache.catalina.core.StandardEngine - Starting Servlet engine: [Apache Tomcat/9.0.65]
2022-12-12 23:56:39.056 [main] INFO  o.a.c.core.ContainerBase.[Tomcat].[localhost].[/] - Initializing Spring embedded WebApplicationContext
2022-12-12 23:56:41.116 [main] INFO  org.apache.coyote.http11.Http11NioProtocol - Starting ProtocolHandler ["http-nio-8080"]
2022-12-12 23:57:00.029 [scheduling-1] INFO  com.zaxxer.hikari.HikariDataSource - HikariPool-1 - Starting...
2022-12-12 23:57:00.195 [scheduling-1] INFO  com.zaxxer.hikari.HikariDataSource - HikariPool-1 - Start completed.
2022-12-12 23:58:16.729 [SpringApplicationShutdownHook] INFO  com.zaxxer.hikari.HikariDataSource - HikariPool-1 - Shutdown initiated...
2022-12-12 23:58:16.739 [SpringApplicationShutdownHook] INFO  com.zaxxer.hikari.HikariDataSource - HikariPool-1 - Shutdown completed.
2022-12-12 23:58:21.639 [main] INFO  org.apache.coyote.http11.Http11NioProtocol - Initializing ProtocolHandler ["http-nio-8080"]
2022-12-12 23:58:21.640 [main] INFO  org.apache.catalina.core.StandardService - Starting service [Tomcat]
2022-12-12 23:58:21.640 [main] INFO  org.apache.catalina.core.StandardEngine - Starting Servlet engine: [Apache Tomcat/9.0.65]
2022-12-12 23:58:21.716 [main] INFO  o.a.c.core.ContainerBase.[Tomcat].[localhost].[/] - Initializing Spring embedded WebApplicationContext
2022-12-12 23:58:23.814 [main] INFO  org.apache.coyote.http11.Http11NioProtocol - Starting ProtocolHandler ["http-nio-8080"]
2022-12-12 23:59:00.023 [scheduling-1] INFO  com.zaxxer.hikari.HikariDataSource - HikariPool-1 - Starting...
2022-12-12 23:59:00.192 [scheduling-1] INFO  com.zaxxer.hikari.HikariDataSource - HikariPool-1 - Start completed.
